#! /usr/bin/vvp
:ivl_version "10.3 (stable)";
:ivl_delay_selection "TYPICAL";
:vpi_time_precision + 0;
:vpi_module "system";
:vpi_module "vhdl_sys";
:vpi_module "v2005_math";
:vpi_module "va_math";
S_0x55f655755840 .scope module, "top" "top" 2 3;
 .timescale 0 0;
v0x55f65581d650_0 .var "A", 15 0;
v0x55f65581d730_0 .var "B", 15 0;
v0x55f65581d800_0 .var "cin", 0 0;
v0x55f65581d900_0 .net "cout", 0 0, L_0x55f655842940;  1 drivers
v0x55f65581d9d0_0 .net "sum", 15 0, L_0x55f6558423f0;  1 drivers
S_0x55f6557559c0 .scope module, "SlkAdd" "SixteenbitSklanskyAdder" 2 10, 3 1 0, S_0x55f655755840;
 .timescale 0 0;
    .port_info 0 /INPUT 16 "A"
    .port_info 1 /INPUT 16 "B"
    .port_info 2 /INPUT 1 "cin"
    .port_info 3 /OUTPUT 16 "sum"
    .port_info 4 /OUTPUT 1 "cout"
L_0x55f6558427e0 .functor XOR 1, v0x55f65581d800_0, L_0x55f6558435f0, C4<0>, C4<0>;
v0x55f65581c690_0 .net "A", 15 0, v0x55f65581d650_0;  1 drivers
v0x55f65581c790_0 .net "B", 15 0, v0x55f65581d730_0;  1 drivers
v0x55f65581c870_0 .net *"_s682", 0 0, L_0x55f6558435f0;  1 drivers
v0x55f65581c960_0 .net *"_s683", 0 0, L_0x55f6558427e0;  1 drivers
v0x55f65581ca40_0 .net "cin", 0 0, v0x55f65581d800_0;  1 drivers
v0x55f65581cb50_0 .net "cout", 0 0, L_0x55f655842940;  alias, 1 drivers
v0x55f65581cc10_0 .net "initializeG", 15 0, L_0x55f655824790;  1 drivers
v0x55f65581ccf0_0 .net "initializeP", 15 0, L_0x55f6558259a0;  1 drivers
v0x55f65581cdd0_0 .net "level11", 15 0, L_0x55f65582e5f0;  1 drivers
v0x55f65581ceb0_0 .net "level12", 15 0, L_0x55f65582f720;  1 drivers
v0x55f65581cf90_0 .net "level21", 15 0, L_0x55f655834820;  1 drivers
v0x55f65581d070_0 .net "level22", 15 0, L_0x55f655835390;  1 drivers
v0x55f65581d150_0 .net "level31", 15 0, L_0x55f6558396e0;  1 drivers
v0x55f65581d230_0 .net "level32", 15 0, L_0x55f65583a190;  1 drivers
v0x55f65581d310_0 .net "level41", 15 0, L_0x55f65583ea00;  1 drivers
v0x55f65581d3f0_0 .net "level42", 15 0, L_0x55f65583ff40;  1 drivers
v0x55f65581d4d0_0 .net "sum", 15 0, L_0x55f6558423f0;  alias, 1 drivers
L_0x55f65581da70 .part v0x55f65581d650_0, 0, 1;
L_0x55f65581db90 .part v0x55f65581d730_0, 0, 1;
L_0x55f65581dd20 .part v0x55f65581d650_0, 0, 1;
L_0x55f65581ddc0 .part v0x55f65581d730_0, 0, 1;
L_0x55f65581df60 .part v0x55f65581d650_0, 1, 1;
L_0x55f65581e000 .part v0x55f65581d730_0, 1, 1;
L_0x55f65581e1e0 .part v0x55f65581d650_0, 1, 1;
L_0x55f65581e280 .part v0x55f65581d730_0, 1, 1;
L_0x55f65581e4b0 .part v0x55f65581d650_0, 2, 1;
L_0x55f65581e550 .part v0x55f65581d730_0, 2, 1;
L_0x55f65581e740 .part v0x55f65581d650_0, 2, 1;
L_0x55f65581e7e0 .part v0x55f65581d730_0, 2, 1;
L_0x55f65581ea30 .part v0x55f65581d650_0, 3, 1;
L_0x55f65581ead0 .part v0x55f65581d730_0, 3, 1;
L_0x55f65581edd0 .part v0x55f65581d650_0, 3, 1;
L_0x55f65581ee70 .part v0x55f65581d730_0, 3, 1;
L_0x55f65581f0e0 .part v0x55f65581d650_0, 4, 1;
L_0x55f65581f180 .part v0x55f65581d730_0, 4, 1;
L_0x55f65581f400 .part v0x55f65581d650_0, 4, 1;
L_0x55f65581f4a0 .part v0x55f65581d730_0, 4, 1;
L_0x55f65581f220 .part v0x55f65581d650_0, 5, 1;
L_0x55f65581f730 .part v0x55f65581d730_0, 5, 1;
L_0x55f65581f9d0 .part v0x55f65581d650_0, 5, 1;
L_0x55f65581fa70 .part v0x55f65581d730_0, 5, 1;
L_0x55f65581fd20 .part v0x55f65581d650_0, 6, 1;
L_0x55f65581fdc0 .part v0x55f65581d730_0, 6, 1;
L_0x55f655820080 .part v0x55f65581d650_0, 6, 1;
L_0x55f655820120 .part v0x55f65581d730_0, 6, 1;
L_0x55f6558203f0 .part v0x55f65581d650_0, 7, 1;
L_0x55f6558206a0 .part v0x55f65581d730_0, 7, 1;
L_0x55f655820b90 .part v0x55f65581d650_0, 7, 1;
L_0x55f655820c30 .part v0x55f65581d730_0, 7, 1;
L_0x55f655820f20 .part v0x55f65581d650_0, 8, 1;
L_0x55f655820fc0 .part v0x55f65581d730_0, 8, 1;
L_0x55f6558212c0 .part v0x55f65581d650_0, 8, 1;
L_0x55f655821360 .part v0x55f65581d730_0, 8, 1;
L_0x55f655821670 .part v0x55f65581d650_0, 9, 1;
L_0x55f655821710 .part v0x55f65581d730_0, 9, 1;
L_0x55f655821a30 .part v0x55f65581d650_0, 9, 1;
L_0x55f655821ad0 .part v0x55f65581d730_0, 9, 1;
L_0x55f655821e00 .part v0x55f65581d650_0, 10, 1;
L_0x55f655821ea0 .part v0x55f65581d730_0, 10, 1;
L_0x55f6558221e0 .part v0x55f65581d650_0, 10, 1;
L_0x55f655822280 .part v0x55f65581d730_0, 10, 1;
L_0x55f6558225d0 .part v0x55f65581d650_0, 11, 1;
L_0x55f655822670 .part v0x55f65581d730_0, 11, 1;
L_0x55f6558229d0 .part v0x55f65581d650_0, 11, 1;
L_0x55f655822a70 .part v0x55f65581d730_0, 11, 1;
L_0x55f655822de0 .part v0x55f65581d650_0, 12, 1;
L_0x55f655822e80 .part v0x55f65581d730_0, 12, 1;
L_0x55f655823200 .part v0x55f65581d650_0, 12, 1;
L_0x55f6558232a0 .part v0x55f65581d730_0, 12, 1;
L_0x55f655823630 .part v0x55f65581d650_0, 13, 1;
L_0x55f6558236d0 .part v0x55f65581d730_0, 13, 1;
L_0x55f655823a70 .part v0x55f65581d650_0, 13, 1;
L_0x55f655823b10 .part v0x55f65581d730_0, 13, 1;
L_0x55f655823ec0 .part v0x55f65581d650_0, 14, 1;
L_0x55f655823f60 .part v0x55f65581d730_0, 14, 1;
L_0x55f655824320 .part v0x55f65581d650_0, 14, 1;
L_0x55f6558243c0 .part v0x55f65581d730_0, 14, 1;
LS_0x55f655824790_0_0 .concat8 [ 1 1 1 1], L_0x55f6557d9440, L_0x55f65581e170, L_0x55f65581e650, L_0x55f65581e880;
LS_0x55f655824790_0_4 .concat8 [ 1 1 1 1], L_0x55f65581f2c0, L_0x55f65581f890, L_0x55f65581ff40, L_0x55f655820a50;
LS_0x55f655824790_0_8 .concat8 [ 1 1 1 1], L_0x55f655821180, L_0x55f6558218f0, L_0x55f6558220a0, L_0x55f655822890;
LS_0x55f655824790_0_12 .concat8 [ 1 1 1 1], L_0x55f6558230c0, L_0x55f655823930, L_0x55f6558241e0, L_0x55f655825840;
L_0x55f655824790 .concat8 [ 4 4 4 4], LS_0x55f655824790_0_0, LS_0x55f655824790_0_4, LS_0x55f655824790_0_8, LS_0x55f655824790_0_12;
L_0x55f655824ce0 .part v0x55f65581d650_0, 15, 1;
L_0x55f655825390 .part v0x55f65581d730_0, 15, 1;
LS_0x55f6558259a0_0_0 .concat8 [ 1 1 1 1], L_0x55f6557d94b0, L_0x55f65581e370, L_0x55f65581e8f0, L_0x55f65581efa0;
LS_0x55f6558259a0_0_4 .concat8 [ 1 1 1 1], L_0x55f65581f5f0, L_0x55f65581fbe0, L_0x55f6558202b0, L_0x55f655820de0;
LS_0x55f6558259a0_0_8 .concat8 [ 1 1 1 1], L_0x55f655821530, L_0x55f655821cc0, L_0x55f655822490, L_0x55f655822ca0;
LS_0x55f6558259a0_0_12 .concat8 [ 1 1 1 1], L_0x55f6558234f0, L_0x55f655823d80, L_0x55f655824650, L_0x55f655826460;
L_0x55f6558259a0 .concat8 [ 4 4 4 4], LS_0x55f6558259a0_0_0, LS_0x55f6558259a0_0_4, LS_0x55f6558259a0_0_8, LS_0x55f6558259a0_0_12;
L_0x55f655826100 .part v0x55f65581d650_0, 15, 1;
L_0x55f6558261a0 .part v0x55f65581d730_0, 15, 1;
L_0x55f6558265c0 .part L_0x55f655824790, 0, 1;
L_0x55f6558266b0 .part L_0x55f6558259a0, 0, 1;
L_0x55f6558269d0 .part L_0x55f655824790, 1, 1;
L_0x55f655826a70 .part L_0x55f655824790, 0, 1;
L_0x55f655826d50 .part L_0x55f6558259a0, 1, 1;
L_0x55f655826fc0 .part L_0x55f6558259a0, 1, 1;
L_0x55f655827340 .part L_0x55f6558259a0, 0, 1;
L_0x55f6558274a0 .part L_0x55f655824790, 2, 1;
L_0x55f6558277a0 .part L_0x55f6558259a0, 2, 1;
L_0x55f655827840 .part L_0x55f655824790, 3, 1;
L_0x55f655827b50 .part L_0x55f655824790, 2, 1;
L_0x55f655827bf0 .part L_0x55f6558259a0, 3, 1;
L_0x55f655828130 .part L_0x55f6558259a0, 3, 1;
L_0x55f6558281d0 .part L_0x55f6558259a0, 2, 1;
L_0x55f655828610 .part L_0x55f655824790, 4, 1;
L_0x55f6558286b0 .part L_0x55f6558259a0, 4, 1;
L_0x55f6558289f0 .part L_0x55f655824790, 5, 1;
L_0x55f655828a90 .part L_0x55f655824790, 4, 1;
L_0x55f655828de0 .part L_0x55f6558259a0, 5, 1;
L_0x55f6558290a0 .part L_0x55f6558259a0, 5, 1;
L_0x55f655829400 .part L_0x55f6558259a0, 4, 1;
L_0x55f6558295b0 .part L_0x55f655824790, 6, 1;
L_0x55f655829920 .part L_0x55f6558259a0, 6, 1;
L_0x55f6558299c0 .part L_0x55f655824790, 7, 1;
L_0x55f655829d40 .part L_0x55f655824790, 6, 1;
L_0x55f655829de0 .part L_0x55f6558259a0, 7, 1;
L_0x55f65582a390 .part L_0x55f6558259a0, 7, 1;
L_0x55f65582a430 .part L_0x55f6558259a0, 6, 1;
L_0x55f65582a8e0 .part L_0x55f655824790, 8, 1;
L_0x55f65582a980 .part L_0x55f6558259a0, 8, 1;
L_0x55f65582ad30 .part L_0x55f655824790, 9, 1;
L_0x55f65582add0 .part L_0x55f655824790, 8, 1;
L_0x55f65582b190 .part L_0x55f6558259a0, 9, 1;
L_0x55f65582b450 .part L_0x55f6558259a0, 9, 1;
L_0x55f65582b820 .part L_0x55f6558259a0, 8, 1;
L_0x55f65582b9d0 .part L_0x55f655824790, 10, 1;
L_0x55f65582bdb0 .part L_0x55f6558259a0, 10, 1;
L_0x55f65582be50 .part L_0x55f655824790, 11, 1;
L_0x55f65582c240 .part L_0x55f655824790, 10, 1;
L_0x55f65582c2e0 .part L_0x55f6558259a0, 11, 1;
L_0x55f65582c900 .part L_0x55f6558259a0, 11, 1;
L_0x55f65582c9a0 .part L_0x55f6558259a0, 10, 1;
L_0x55f65582cec0 .part L_0x55f655824790, 12, 1;
L_0x55f65582cf60 .part L_0x55f6558259a0, 12, 1;
L_0x55f65582d380 .part L_0x55f655824790, 13, 1;
L_0x55f65582d420 .part L_0x55f655824790, 12, 1;
L_0x55f65582d850 .part L_0x55f6558259a0, 13, 1;
L_0x55f65582db10 .part L_0x55f6558259a0, 13, 1;
L_0x55f65582df50 .part L_0x55f6558259a0, 12, 1;
L_0x55f65582e100 .part L_0x55f655824790, 14, 1;
L_0x55f65582e550 .part L_0x55f6558259a0, 14, 1;
LS_0x55f65582e5f0_0_0 .concat8 [ 1 1 1 1], L_0x55f6558265c0, L_0x55f655826eb0, L_0x55f6558274a0, L_0x55f655828020;
LS_0x55f65582e5f0_0_4 .concat8 [ 1 1 1 1], L_0x55f655828610, L_0x55f655828f90, L_0x55f6558295b0, L_0x55f65582a280;
LS_0x55f65582e5f0_0_8 .concat8 [ 1 1 1 1], L_0x55f65582a8e0, L_0x55f65582b340, L_0x55f65582b9d0, L_0x55f65582c7f0;
LS_0x55f65582e5f0_0_12 .concat8 [ 1 1 1 1], L_0x55f65582cec0, L_0x55f65582da00, L_0x55f65582e100, L_0x55f65582f5c0;
L_0x55f65582e5f0 .concat8 [ 4 4 4 4], LS_0x55f65582e5f0_0_0, LS_0x55f65582e5f0_0_4, LS_0x55f65582e5f0_0_8, LS_0x55f65582e5f0_0_12;
L_0x55f65582ef00 .part L_0x55f655824790, 15, 1;
L_0x55f65582efa0 .part L_0x55f655824790, 14, 1;
L_0x55f65582f410 .part L_0x55f6558259a0, 15, 1;
LS_0x55f65582f720_0_0 .concat8 [ 1 1 1 1], L_0x55f6558266b0, L_0x55f6558273e0, L_0x55f6558277a0, L_0x55f655828500;
LS_0x55f65582f720_0_4 .concat8 [ 1 1 1 1], L_0x55f6558286b0, L_0x55f6558294a0, L_0x55f655829920, L_0x55f65582a7d0;
LS_0x55f65582f720_0_8 .concat8 [ 1 1 1 1], L_0x55f65582a980, L_0x55f65582b8c0, L_0x55f65582bdb0, L_0x55f65582cdb0;
LS_0x55f65582f720_0_12 .concat8 [ 1 1 1 1], L_0x55f65582cf60, L_0x55f65582dff0, L_0x55f65582e550, L_0x55f655830990;
L_0x55f65582f720 .concat8 [ 4 4 4 4], LS_0x55f65582f720_0_0, LS_0x55f65582f720_0_4, LS_0x55f65582f720_0_8, LS_0x55f65582f720_0_12;
L_0x55f655830050 .part L_0x55f6558259a0, 15, 1;
L_0x55f655830500 .part L_0x55f6558259a0, 14, 1;
L_0x55f655830af0 .part L_0x55f65582e5f0, 0, 1;
L_0x55f655830be0 .part L_0x55f65582f720, 0, 1;
L_0x55f6558310d0 .part L_0x55f65582e5f0, 1, 1;
L_0x55f655831170 .part L_0x55f65582f720, 1, 1;
L_0x55f655831620 .part L_0x55f65582e5f0, 2, 1;
L_0x55f655831750 .part L_0x55f65582e5f0, 1, 1;
L_0x55f655831c10 .part L_0x55f65582f720, 2, 1;
L_0x55f655831ec0 .part L_0x55f65582f720, 2, 1;
L_0x55f6558317f0 .part L_0x55f65582f720, 1, 1;
L_0x55f6558319a0 .part L_0x55f65582e5f0, 3, 1;
L_0x55f655831a40 .part L_0x55f65582e5f0, 1, 1;
L_0x55f655831ae0 .part L_0x55f65582f720, 3, 1;
L_0x55f655832560 .part L_0x55f65582f720, 3, 1;
L_0x55f655832600 .part L_0x55f65582f720, 1, 1;
L_0x55f6558320b0 .part L_0x55f65582e5f0, 4, 1;
L_0x55f655832150 .part L_0x55f65582f720, 4, 1;
L_0x55f6558321f0 .part L_0x55f65582e5f0, 5, 1;
L_0x55f655832290 .part L_0x55f65582f720, 5, 1;
L_0x55f655832b20 .part L_0x55f65582e5f0, 6, 1;
L_0x55f655832bc0 .part L_0x55f65582e5f0, 5, 1;
L_0x55f6558326a0 .part L_0x55f65582f720, 6, 1;
L_0x55f655832960 .part L_0x55f65582f720, 6, 1;
L_0x55f655832a00 .part L_0x55f65582f720, 5, 1;
L_0x55f655833100 .part L_0x55f65582e5f0, 7, 1;
L_0x55f655832c60 .part L_0x55f65582e5f0, 5, 1;
L_0x55f655832d00 .part L_0x55f65582f720, 7, 1;
L_0x55f655832fc0 .part L_0x55f65582f720, 7, 1;
L_0x55f655833060 .part L_0x55f65582f720, 5, 1;
L_0x55f6558337c0 .part L_0x55f65582e5f0, 8, 1;
L_0x55f655833860 .part L_0x55f65582f720, 8, 1;
L_0x55f6558331a0 .part L_0x55f65582e5f0, 9, 1;
L_0x55f655833240 .part L_0x55f65582f720, 9, 1;
L_0x55f6558332e0 .part L_0x55f65582e5f0, 10, 1;
L_0x55f655833380 .part L_0x55f65582e5f0, 9, 1;
L_0x55f655833420 .part L_0x55f65582f720, 10, 1;
L_0x55f655833ea0 .part L_0x55f65582f720, 10, 1;
L_0x55f655833900 .part L_0x55f65582f720, 9, 1;
L_0x55f655833ab0 .part L_0x55f65582e5f0, 11, 1;
L_0x55f655833b50 .part L_0x55f65582e5f0, 9, 1;
L_0x55f655833bf0 .part L_0x55f65582f720, 11, 1;
L_0x55f655834530 .part L_0x55f65582f720, 11, 1;
L_0x55f6558345d0 .part L_0x55f65582f720, 9, 1;
L_0x55f655834090 .part L_0x55f65582e5f0, 12, 1;
L_0x55f655834130 .part L_0x55f65582f720, 12, 1;
L_0x55f6558341d0 .part L_0x55f65582e5f0, 13, 1;
L_0x55f655834270 .part L_0x55f65582f720, 13, 1;
L_0x55f655834310 .part L_0x55f65582e5f0, 14, 1;
L_0x55f6558343b0 .part L_0x55f65582e5f0, 13, 1;
L_0x55f655834be0 .part L_0x55f65582f720, 14, 1;
L_0x55f655834ea0 .part L_0x55f65582f720, 14, 1;
L_0x55f655834670 .part L_0x55f65582f720, 13, 1;
LS_0x55f655834820_0_0 .concat8 [ 1 1 1 1], L_0x55f655830af0, L_0x55f6558310d0, L_0x55f655831db0, L_0x55f655832450;
LS_0x55f655834820_0_4 .concat8 [ 1 1 1 1], L_0x55f6558320b0, L_0x55f6558321f0, L_0x55f655832850, L_0x55f655832eb0;
LS_0x55f655834820_0_8 .concat8 [ 1 1 1 1], L_0x55f6558337c0, L_0x55f6558331a0, L_0x55f6558335d0, L_0x55f655834470;
LS_0x55f655834820_0_12 .concat8 [ 1 1 1 1], L_0x55f655834090, L_0x55f6558341d0, L_0x55f655834d90, L_0x55f655835230;
L_0x55f655834820 .concat8 [ 4 4 4 4], LS_0x55f655834820_0_0, LS_0x55f655834820_0_4, LS_0x55f655834820_0_8, LS_0x55f655834820_0_12;
L_0x55f655834f40 .part L_0x55f65582e5f0, 15, 1;
L_0x55f655834fe0 .part L_0x55f65582e5f0, 13, 1;
L_0x55f655835080 .part L_0x55f65582f720, 15, 1;
LS_0x55f655835390_0_0 .concat8 [ 1 1 1 1], L_0x55f655830be0, L_0x55f655831170, L_0x55f655831890, L_0x55f655831f60;
LS_0x55f655835390_0_4 .concat8 [ 1 1 1 1], L_0x55f655832150, L_0x55f655832290, L_0x55f655832330, L_0x55f655833670;
LS_0x55f655835390_0_8 .concat8 [ 1 1 1 1], L_0x55f655833860, L_0x55f655833240, L_0x55f6558339a0, L_0x55f655833f40;
LS_0x55f655835390_0_12 .concat8 [ 1 1 1 1], L_0x55f655834130, L_0x55f655834270, L_0x55f655834710, L_0x55f655835790;
L_0x55f655835390 .concat8 [ 4 4 4 4], LS_0x55f655835390_0_0, LS_0x55f655835390_0_4, LS_0x55f655835390_0_8, LS_0x55f655835390_0_12;
L_0x55f655835650 .part L_0x55f65582f720, 15, 1;
L_0x55f6558356f0 .part L_0x55f65582f720, 13, 1;
L_0x55f6558358f0 .part L_0x55f655834820, 0, 1;
L_0x55f6558359e0 .part L_0x55f655835390, 0, 1;
L_0x55f655835ad0 .part L_0x55f655834820, 1, 1;
L_0x55f655836620 .part L_0x55f655835390, 1, 1;
L_0x55f655836050 .part L_0x55f655834820, 2, 1;
L_0x55f655836180 .part L_0x55f655835390, 2, 1;
L_0x55f6558362b0 .part L_0x55f655834820, 3, 1;
L_0x55f655836350 .part L_0x55f655835390, 3, 1;
L_0x55f6558363f0 .part L_0x55f655834820, 4, 1;
L_0x55f655836490 .part L_0x55f655834820, 3, 1;
L_0x55f655836530 .part L_0x55f655835390, 4, 1;
L_0x55f655836d90 .part L_0x55f655835390, 4, 1;
L_0x55f6558366c0 .part L_0x55f655835390, 3, 1;
L_0x55f655836870 .part L_0x55f655834820, 5, 1;
L_0x55f655836910 .part L_0x55f655834820, 3, 1;
L_0x55f6558369b0 .part L_0x55f655835390, 5, 1;
L_0x55f655837470 .part L_0x55f655835390, 5, 1;
L_0x55f655837510 .part L_0x55f655835390, 3, 1;
L_0x55f655836f80 .part L_0x55f655834820, 6, 1;
L_0x55f655837020 .part L_0x55f655834820, 3, 1;
L_0x55f6558370c0 .part L_0x55f655835390, 6, 1;
L_0x55f6558373d0 .part L_0x55f655835390, 6, 1;
L_0x55f655837c20 .part L_0x55f655835390, 3, 1;
L_0x55f655837d80 .part L_0x55f655834820, 7, 1;
L_0x55f6558375b0 .part L_0x55f655834820, 3, 1;
L_0x55f655837650 .part L_0x55f655835390, 7, 1;
L_0x55f655837920 .part L_0x55f655835390, 7, 1;
L_0x55f6558379c0 .part L_0x55f655835390, 3, 1;
L_0x55f6558384c0 .part L_0x55f655834820, 8, 1;
L_0x55f655838560 .part L_0x55f655835390, 8, 1;
L_0x55f655837e20 .part L_0x55f655834820, 9, 1;
L_0x55f655837ec0 .part L_0x55f655835390, 9, 1;
L_0x55f655837f60 .part L_0x55f655834820, 10, 1;
L_0x55f655838210 .part L_0x55f655835390, 10, 1;
L_0x55f6558382b0 .part L_0x55f655834820, 11, 1;
L_0x55f655838350 .part L_0x55f655835390, 11, 1;
L_0x55f6558383f0 .part L_0x55f655834820, 12, 1;
L_0x55f655838ce0 .part L_0x55f655834820, 11, 1;
L_0x55f655838600 .part L_0x55f655835390, 12, 1;
L_0x55f6558388c0 .part L_0x55f655835390, 12, 1;
L_0x55f655838960 .part L_0x55f655835390, 11, 1;
L_0x55f655838b10 .part L_0x55f655834820, 13, 1;
L_0x55f655838bb0 .part L_0x55f655834820, 11, 1;
L_0x55f655839490 .part L_0x55f655835390, 13, 1;
L_0x55f655838f30 .part L_0x55f655835390, 13, 1;
L_0x55f655838fd0 .part L_0x55f655835390, 11, 1;
L_0x55f655839180 .part L_0x55f655834820, 14, 1;
L_0x55f655839220 .part L_0x55f655834820, 11, 1;
L_0x55f6558392c0 .part L_0x55f655835390, 14, 1;
L_0x55f655839dd0 .part L_0x55f655835390, 14, 1;
L_0x55f655839530 .part L_0x55f655835390, 11, 1;
LS_0x55f6558396e0_0_0 .concat8 [ 1 1 1 1], L_0x55f6558358f0, L_0x55f655835ad0, L_0x55f655836050, L_0x55f6558362b0;
LS_0x55f6558396e0_0_4 .concat8 [ 1 1 1 1], L_0x55f655836cd0, L_0x55f655836b60, L_0x55f655837270, L_0x55f655837860;
LS_0x55f6558396e0_0_8 .concat8 [ 1 1 1 1], L_0x55f6558384c0, L_0x55f655837e20, L_0x55f655837f60, L_0x55f6558382b0;
LS_0x55f6558396e0_0_12 .concat8 [ 1 1 1 1], L_0x55f6558387b0, L_0x55f655838e20, L_0x55f655839c70, L_0x55f65583a080;
L_0x55f6558396e0 .concat8 [ 4 4 4 4], LS_0x55f6558396e0_0_0, LS_0x55f6558396e0_0_4, LS_0x55f6558396e0_0_8, LS_0x55f6558396e0_0_12;
L_0x55f65583a5d0 .part L_0x55f655834820, 15, 1;
L_0x55f65583a670 .part L_0x55f655834820, 11, 1;
L_0x55f655839e70 .part L_0x55f655835390, 15, 1;
LS_0x55f65583a190_0_0 .concat8 [ 1 1 1 1], L_0x55f6558359e0, L_0x55f655836620, L_0x55f655836180, L_0x55f655836350;
LS_0x55f65583a190_0_4 .concat8 [ 1 1 1 1], L_0x55f655836760, L_0x55f655836e30, L_0x55f655837cc0, L_0x55f655837a60;
LS_0x55f65583a190_0_8 .concat8 [ 1 1 1 1], L_0x55f655838560, L_0x55f655837ec0, L_0x55f655838210, L_0x55f655838350;
LS_0x55f65583a190_0_12 .concat8 [ 1 1 1 1], L_0x55f655838a00, L_0x55f655839070, L_0x55f6558395d0, L_0x55f65583ac60;
L_0x55f65583a190 .concat8 [ 4 4 4 4], LS_0x55f65583a190_0_0, LS_0x55f65583a190_0_4, LS_0x55f65583a190_0_8, LS_0x55f65583a190_0_12;
L_0x55f65583a710 .part L_0x55f655835390, 15, 1;
L_0x55f65583abc0 .part L_0x55f655835390, 11, 1;
L_0x55f65583b750 .part L_0x55f6558396e0, 0, 1;
L_0x55f65583b7f0 .part L_0x55f65583a190, 0, 1;
L_0x55f65583afc0 .part L_0x55f6558396e0, 1, 1;
L_0x55f65583b060 .part L_0x55f65583a190, 1, 1;
L_0x55f65583b100 .part L_0x55f6558396e0, 2, 1;
L_0x55f65583b230 .part L_0x55f65583a190, 2, 1;
L_0x55f65583b360 .part L_0x55f6558396e0, 3, 1;
L_0x55f65583b400 .part L_0x55f65583a190, 3, 1;
L_0x55f65583b4a0 .part L_0x55f6558396e0, 4, 1;
L_0x55f65583b540 .part L_0x55f65583a190, 4, 1;
L_0x55f65583b5e0 .part L_0x55f6558396e0, 5, 1;
L_0x55f65583b680 .part L_0x55f65583a190, 5, 1;
L_0x55f65583c0d0 .part L_0x55f6558396e0, 6, 1;
L_0x55f65583c170 .part L_0x55f65583a190, 6, 1;
L_0x55f65583b8e0 .part L_0x55f6558396e0, 7, 1;
L_0x55f65583b980 .part L_0x55f65583a190, 7, 1;
L_0x55f65583ba20 .part L_0x55f6558396e0, 8, 1;
L_0x55f65583bac0 .part L_0x55f6558396e0, 7, 1;
L_0x55f65583bb60 .part L_0x55f65583a190, 8, 1;
L_0x55f65583bd80 .part L_0x55f65583a190, 8, 1;
L_0x55f65583be20 .part L_0x55f65583a190, 7, 1;
L_0x55f65583bfd0 .part L_0x55f6558396e0, 9, 1;
L_0x55f65583ca50 .part L_0x55f6558396e0, 7, 1;
L_0x55f65583caf0 .part L_0x55f65583a190, 9, 1;
L_0x55f65583c430 .part L_0x55f65583a190, 9, 1;
L_0x55f65583c4d0 .part L_0x55f65583a190, 7, 1;
L_0x55f65583c680 .part L_0x55f6558396e0, 10, 1;
L_0x55f65583c720 .part L_0x55f6558396e0, 7, 1;
L_0x55f65583c7c0 .part L_0x55f65583a190, 10, 1;
L_0x55f65583d450 .part L_0x55f65583a190, 10, 1;
L_0x55f65583cb90 .part L_0x55f65583a190, 7, 1;
L_0x55f65583cd40 .part L_0x55f6558396e0, 11, 1;
L_0x55f65583cff0 .part L_0x55f6558396e0, 7, 1;
L_0x55f65583d090 .part L_0x55f65583a190, 11, 1;
L_0x55f65583d360 .part L_0x55f65583a190, 11, 1;
L_0x55f65583dd90 .part L_0x55f65583a190, 7, 1;
L_0x55f65583d670 .part L_0x55f6558396e0, 12, 1;
L_0x55f65583d710 .part L_0x55f6558396e0, 7, 1;
L_0x55f65583d7b0 .part L_0x55f65583a190, 12, 1;
L_0x55f65583daf0 .part L_0x55f65583a190, 12, 1;
L_0x55f65583db90 .part L_0x55f65583a190, 7, 1;
L_0x55f65583dcd0 .part L_0x55f6558396e0, 13, 1;
L_0x55f65583e710 .part L_0x55f6558396e0, 7, 1;
L_0x55f65583e7b0 .part L_0x55f65583a190, 13, 1;
L_0x55f65583e0e0 .part L_0x55f65583a190, 13, 1;
L_0x55f65583e180 .part L_0x55f65583a190, 7, 1;
L_0x55f65583e3d0 .part L_0x55f6558396e0, 14, 1;
L_0x55f65583e470 .part L_0x55f6558396e0, 7, 1;
L_0x55f65583e510 .part L_0x55f65583a190, 14, 1;
L_0x55f65583e330 .part L_0x55f65583a190, 14, 1;
L_0x55f65583e850 .part L_0x55f65583a190, 7, 1;
LS_0x55f65583ea00_0_0 .concat8 [ 1 1 1 1], L_0x55f65583b750, L_0x55f65583afc0, L_0x55f65583b100, L_0x55f65583b360;
LS_0x55f65583ea00_0_4 .concat8 [ 1 1 1 1], L_0x55f65583b4a0, L_0x55f65583b5e0, L_0x55f65583c0d0, L_0x55f65583b8e0;
LS_0x55f65583ea00_0_8 .concat8 [ 1 1 1 1], L_0x55f65583bc70, L_0x55f65583c320, L_0x55f65583c970, L_0x55f65583d2a0;
LS_0x55f65583ea00_0_12 .concat8 [ 1 1 1 1], L_0x55f65583d960, L_0x55f65583dfd0, L_0x55f65583f160, L_0x55f65583fde0;
L_0x55f65583ea00 .concat8 [ 4 4 4 4], LS_0x55f65583ea00_0_0, LS_0x55f65583ea00_0_4, LS_0x55f65583ea00_0_8, LS_0x55f65583ea00_0_12;
L_0x55f65583ef50 .part L_0x55f6558396e0, 15, 1;
L_0x55f65583eff0 .part L_0x55f6558396e0, 7, 1;
L_0x55f65583f090 .part L_0x55f65583a190, 15, 1;
LS_0x55f65583ff40_0_0 .concat8 [ 1 1 1 1], L_0x55f65583b7f0, L_0x55f65583b060, L_0x55f65583b230, L_0x55f65583b400;
LS_0x55f65583ff40_0_4 .concat8 [ 1 1 1 1], L_0x55f65583b540, L_0x55f65583b680, L_0x55f65583c170, L_0x55f65583b980;
LS_0x55f65583ff40_0_8 .concat8 [ 1 1 1 1], L_0x55f65583bec0, L_0x55f65583c570, L_0x55f65583cc30, L_0x55f65583d4f0;
LS_0x55f65583ff40_0_12 .concat8 [ 1 1 1 1], L_0x55f65583d600, L_0x55f65583e220, L_0x55f65583e8f0, L_0x55f65583f820;
L_0x55f65583ff40 .concat8 [ 4 4 4 4], LS_0x55f65583ff40_0_0, LS_0x55f65583ff40_0_4, LS_0x55f65583ff40_0_8, LS_0x55f65583ff40_0_12;
L_0x55f65583f2d0 .part L_0x55f65583a190, 15, 1;
L_0x55f65583f780 .part L_0x55f65583a190, 7, 1;
L_0x55f65583fa50 .part L_0x55f65583ea00, 0, 1;
L_0x55f65583fb40 .part L_0x55f6558259a0, 1, 1;
L_0x55f655840f10 .part L_0x55f65583ea00, 1, 1;
L_0x55f655840fb0 .part L_0x55f6558259a0, 2, 1;
L_0x55f6558405a0 .part L_0x55f65583ea00, 2, 1;
L_0x55f655840640 .part L_0x55f6558259a0, 3, 1;
L_0x55f6558407a0 .part L_0x55f65583ea00, 3, 1;
L_0x55f655840840 .part L_0x55f6558259a0, 4, 1;
L_0x55f6558409f0 .part L_0x55f65583ea00, 4, 1;
L_0x55f655840a90 .part L_0x55f6558259a0, 5, 1;
L_0x55f655840c40 .part L_0x55f65583ea00, 5, 1;
L_0x55f655840ce0 .part L_0x55f6558259a0, 6, 1;
L_0x55f655841ab0 .part L_0x55f65583ea00, 6, 1;
L_0x55f655841b50 .part L_0x55f6558259a0, 7, 1;
L_0x55f655841160 .part L_0x55f65583ea00, 7, 1;
L_0x55f655841200 .part L_0x55f6558259a0, 8, 1;
L_0x55f6558413b0 .part L_0x55f65583ea00, 8, 1;
L_0x55f655841450 .part L_0x55f6558259a0, 9, 1;
L_0x55f655841600 .part L_0x55f65583ea00, 9, 1;
L_0x55f6558416a0 .part L_0x55f6558259a0, 10, 1;
L_0x55f655841850 .part L_0x55f65583ea00, 10, 1;
L_0x55f6558418f0 .part L_0x55f6558259a0, 11, 1;
L_0x55f6558426a0 .part L_0x55f65583ea00, 11, 1;
L_0x55f655842740 .part L_0x55f6558259a0, 12, 1;
L_0x55f655841d00 .part L_0x55f65583ea00, 12, 1;
L_0x55f655841da0 .part L_0x55f6558259a0, 13, 1;
L_0x55f655841f50 .part L_0x55f65583ea00, 13, 1;
L_0x55f655841ff0 .part L_0x55f6558259a0, 14, 1;
L_0x55f6558421a0 .part L_0x55f65583ea00, 14, 1;
L_0x55f655842240 .part L_0x55f6558259a0, 15, 1;
LS_0x55f6558423f0_0_0 .concat8 [ 1 1 1 1], L_0x55f6558427e0, L_0x55f655840e00, L_0x55f655840490, L_0x55f6558406e0;
LS_0x55f6558423f0_0_4 .concat8 [ 1 1 1 1], L_0x55f6558408e0, L_0x55f655840b30, L_0x55f655840d80, L_0x55f655841050;
LS_0x55f6558423f0_0_8 .concat8 [ 1 1 1 1], L_0x55f6558412a0, L_0x55f6558414f0, L_0x55f655841740, L_0x55f655841990;
LS_0x55f6558423f0_0_12 .concat8 [ 1 1 1 1], L_0x55f655841bf0, L_0x55f655841e40, L_0x55f655842090, L_0x55f6558422e0;
L_0x55f6558423f0 .concat8 [ 4 4 4 4], LS_0x55f6558423f0_0_0, LS_0x55f6558423f0_0_4, LS_0x55f6558423f0_0_8, LS_0x55f6558423f0_0_12;
L_0x55f6558435f0 .part L_0x55f6558259a0, 0, 1;
L_0x55f655842940 .part L_0x55f65583ea00, 15, 1;
S_0x55f6556f80a0 .scope generate, "genblk1[0]" "genblk1[0]" 3 25, 3 25 0, S_0x55f6557559c0;
 .timescale 0 0;
P_0x55f6556f8270 .param/l "i" 0 3 25, +C4<00>;
L_0x55f6557d9440 .functor AND 1, L_0x55f65581da70, L_0x55f65581db90, C4<1>, C4<1>;
L_0x55f6557d94b0 .functor XOR 1, L_0x55f65581dd20, L_0x55f65581ddc0, C4<0>, C4<0>;
v0x55f6557ccac0_0 .net *"_s0", 0 0, L_0x55f65581da70;  1 drivers
v0x55f6557cbc90_0 .net *"_s1", 0 0, L_0x55f65581db90;  1 drivers
v0x55f6557cb090_0 .net *"_s2", 0 0, L_0x55f6557d9440;  1 drivers
v0x55f6557b5460_0 .net *"_s4", 0 0, L_0x55f65581dd20;  1 drivers
v0x55f6557d7480_0 .net *"_s5", 0 0, L_0x55f65581ddc0;  1 drivers
v0x55f6557fa500_0 .net *"_s6", 0 0, L_0x55f6557d94b0;  1 drivers
S_0x55f6557fa5e0 .scope generate, "genblk1[1]" "genblk1[1]" 3 25, 3 25 0, S_0x55f6557559c0;
 .timescale 0 0;
P_0x55f6557fa7f0 .param/l "i" 0 3 25, +C4<01>;
L_0x55f65581e170 .functor AND 1, L_0x55f65581df60, L_0x55f65581e000, C4<1>, C4<1>;
L_0x55f65581e370 .functor XOR 1, L_0x55f65581e1e0, L_0x55f65581e280, C4<0>, C4<0>;
v0x55f6557fa8b0_0 .net *"_s0", 0 0, L_0x55f65581df60;  1 drivers
v0x55f6557fa990_0 .net *"_s1", 0 0, L_0x55f65581e000;  1 drivers
v0x55f6557faa70_0 .net *"_s2", 0 0, L_0x55f65581e170;  1 drivers
v0x55f6557fab30_0 .net *"_s4", 0 0, L_0x55f65581e1e0;  1 drivers
v0x55f6557fac10_0 .net *"_s5", 0 0, L_0x55f65581e280;  1 drivers
v0x55f6557fad40_0 .net *"_s6", 0 0, L_0x55f65581e370;  1 drivers
S_0x55f6557fae20 .scope generate, "genblk1[2]" "genblk1[2]" 3 25, 3 25 0, S_0x55f6557559c0;
 .timescale 0 0;
P_0x55f6557fb010 .param/l "i" 0 3 25, +C4<010>;
L_0x55f65581e650 .functor AND 1, L_0x55f65581e4b0, L_0x55f65581e550, C4<1>, C4<1>;
L_0x55f65581e8f0 .functor XOR 1, L_0x55f65581e740, L_0x55f65581e7e0, C4<0>, C4<0>;
v0x55f6557fb0d0_0 .net *"_s0", 0 0, L_0x55f65581e4b0;  1 drivers
v0x55f6557fb1b0_0 .net *"_s1", 0 0, L_0x55f65581e550;  1 drivers
v0x55f6557fb290_0 .net *"_s2", 0 0, L_0x55f65581e650;  1 drivers
v0x55f6557fb380_0 .net *"_s4", 0 0, L_0x55f65581e740;  1 drivers
v0x55f6557fb460_0 .net *"_s5", 0 0, L_0x55f65581e7e0;  1 drivers
v0x55f6557fb590_0 .net *"_s6", 0 0, L_0x55f65581e8f0;  1 drivers
S_0x55f6557fb670 .scope generate, "genblk1[3]" "genblk1[3]" 3 25, 3 25 0, S_0x55f6557559c0;
 .timescale 0 0;
P_0x55f6557fb860 .param/l "i" 0 3 25, +C4<011>;
L_0x55f65581e880 .functor AND 1, L_0x55f65581ea30, L_0x55f65581ead0, C4<1>, C4<1>;
L_0x55f65581efa0 .functor XOR 1, L_0x55f65581edd0, L_0x55f65581ee70, C4<0>, C4<0>;
v0x55f6557fb940_0 .net *"_s0", 0 0, L_0x55f65581ea30;  1 drivers
v0x55f6557fba20_0 .net *"_s1", 0 0, L_0x55f65581ead0;  1 drivers
v0x55f6557fbb00_0 .net *"_s2", 0 0, L_0x55f65581e880;  1 drivers
v0x55f6557fbbc0_0 .net *"_s4", 0 0, L_0x55f65581edd0;  1 drivers
v0x55f6557fbca0_0 .net *"_s5", 0 0, L_0x55f65581ee70;  1 drivers
v0x55f6557fbdd0_0 .net *"_s6", 0 0, L_0x55f65581efa0;  1 drivers
S_0x55f6557fbeb0 .scope generate, "genblk1[4]" "genblk1[4]" 3 25, 3 25 0, S_0x55f6557559c0;
 .timescale 0 0;
P_0x55f6557fc0f0 .param/l "i" 0 3 25, +C4<0100>;
L_0x55f65581f2c0 .functor AND 1, L_0x55f65581f0e0, L_0x55f65581f180, C4<1>, C4<1>;
L_0x55f65581f5f0 .functor XOR 1, L_0x55f65581f400, L_0x55f65581f4a0, C4<0>, C4<0>;
v0x55f6557fc1d0_0 .net *"_s0", 0 0, L_0x55f65581f0e0;  1 drivers
v0x55f6557fc2b0_0 .net *"_s1", 0 0, L_0x55f65581f180;  1 drivers
v0x55f6557fc390_0 .net *"_s2", 0 0, L_0x55f65581f2c0;  1 drivers
v0x55f6557fc450_0 .net *"_s4", 0 0, L_0x55f65581f400;  1 drivers
v0x55f6557fc530_0 .net *"_s5", 0 0, L_0x55f65581f4a0;  1 drivers
v0x55f6557fc660_0 .net *"_s6", 0 0, L_0x55f65581f5f0;  1 drivers
S_0x55f6557fc740 .scope generate, "genblk1[5]" "genblk1[5]" 3 25, 3 25 0, S_0x55f6557559c0;
 .timescale 0 0;
P_0x55f6557fc930 .param/l "i" 0 3 25, +C4<0101>;
L_0x55f65581f890 .functor AND 1, L_0x55f65581f220, L_0x55f65581f730, C4<1>, C4<1>;
L_0x55f65581fbe0 .functor XOR 1, L_0x55f65581f9d0, L_0x55f65581fa70, C4<0>, C4<0>;
v0x55f6557fca10_0 .net *"_s0", 0 0, L_0x55f65581f220;  1 drivers
v0x55f6557fcaf0_0 .net *"_s1", 0 0, L_0x55f65581f730;  1 drivers
v0x55f6557fcbd0_0 .net *"_s2", 0 0, L_0x55f65581f890;  1 drivers
v0x55f6557fcc90_0 .net *"_s4", 0 0, L_0x55f65581f9d0;  1 drivers
v0x55f6557fcd70_0 .net *"_s5", 0 0, L_0x55f65581fa70;  1 drivers
v0x55f6557fcea0_0 .net *"_s6", 0 0, L_0x55f65581fbe0;  1 drivers
S_0x55f6557fcf80 .scope generate, "genblk1[6]" "genblk1[6]" 3 25, 3 25 0, S_0x55f6557559c0;
 .timescale 0 0;
P_0x55f6557fd170 .param/l "i" 0 3 25, +C4<0110>;
L_0x55f65581ff40 .functor AND 1, L_0x55f65581fd20, L_0x55f65581fdc0, C4<1>, C4<1>;
L_0x55f6558202b0 .functor XOR 1, L_0x55f655820080, L_0x55f655820120, C4<0>, C4<0>;
v0x55f6557fd250_0 .net *"_s0", 0 0, L_0x55f65581fd20;  1 drivers
v0x55f6557fd330_0 .net *"_s1", 0 0, L_0x55f65581fdc0;  1 drivers
v0x55f6557fd410_0 .net *"_s2", 0 0, L_0x55f65581ff40;  1 drivers
v0x55f6557fd4d0_0 .net *"_s4", 0 0, L_0x55f655820080;  1 drivers
v0x55f6557fd5b0_0 .net *"_s5", 0 0, L_0x55f655820120;  1 drivers
v0x55f6557fd6e0_0 .net *"_s6", 0 0, L_0x55f6558202b0;  1 drivers
S_0x55f6557fd7c0 .scope generate, "genblk1[7]" "genblk1[7]" 3 25, 3 25 0, S_0x55f6557559c0;
 .timescale 0 0;
P_0x55f6557fd9b0 .param/l "i" 0 3 25, +C4<0111>;
L_0x55f655820a50 .functor AND 1, L_0x55f6558203f0, L_0x55f6558206a0, C4<1>, C4<1>;
L_0x55f655820de0 .functor XOR 1, L_0x55f655820b90, L_0x55f655820c30, C4<0>, C4<0>;
v0x55f6557fda90_0 .net *"_s0", 0 0, L_0x55f6558203f0;  1 drivers
v0x55f6557fdb70_0 .net *"_s1", 0 0, L_0x55f6558206a0;  1 drivers
v0x55f6557fdc50_0 .net *"_s2", 0 0, L_0x55f655820a50;  1 drivers
v0x55f6557fdd10_0 .net *"_s4", 0 0, L_0x55f655820b90;  1 drivers
v0x55f6557fddf0_0 .net *"_s5", 0 0, L_0x55f655820c30;  1 drivers
v0x55f6557fdf20_0 .net *"_s6", 0 0, L_0x55f655820de0;  1 drivers
S_0x55f6557fe000 .scope generate, "genblk1[8]" "genblk1[8]" 3 25, 3 25 0, S_0x55f6557559c0;
 .timescale 0 0;
P_0x55f6557fc0a0 .param/l "i" 0 3 25, +C4<01000>;
L_0x55f655821180 .functor AND 1, L_0x55f655820f20, L_0x55f655820fc0, C4<1>, C4<1>;
L_0x55f655821530 .functor XOR 1, L_0x55f6558212c0, L_0x55f655821360, C4<0>, C4<0>;
v0x55f6557fe280_0 .net *"_s0", 0 0, L_0x55f655820f20;  1 drivers
v0x55f6557fe360_0 .net *"_s1", 0 0, L_0x55f655820fc0;  1 drivers
v0x55f6557fe440_0 .net *"_s2", 0 0, L_0x55f655821180;  1 drivers
v0x55f6557fe500_0 .net *"_s4", 0 0, L_0x55f6558212c0;  1 drivers
v0x55f6557fe5e0_0 .net *"_s5", 0 0, L_0x55f655821360;  1 drivers
v0x55f6557fe710_0 .net *"_s6", 0 0, L_0x55f655821530;  1 drivers
S_0x55f6557fe7f0 .scope generate, "genblk1[9]" "genblk1[9]" 3 25, 3 25 0, S_0x55f6557559c0;
 .timescale 0 0;
P_0x55f6557fe9e0 .param/l "i" 0 3 25, +C4<01001>;
L_0x55f6558218f0 .functor AND 1, L_0x55f655821670, L_0x55f655821710, C4<1>, C4<1>;
L_0x55f655821cc0 .functor XOR 1, L_0x55f655821a30, L_0x55f655821ad0, C4<0>, C4<0>;
v0x55f6557feac0_0 .net *"_s0", 0 0, L_0x55f655821670;  1 drivers
v0x55f6557feba0_0 .net *"_s1", 0 0, L_0x55f655821710;  1 drivers
v0x55f6557fec80_0 .net *"_s2", 0 0, L_0x55f6558218f0;  1 drivers
v0x55f6557fed40_0 .net *"_s4", 0 0, L_0x55f655821a30;  1 drivers
v0x55f6557fee20_0 .net *"_s5", 0 0, L_0x55f655821ad0;  1 drivers
v0x55f6557fef50_0 .net *"_s6", 0 0, L_0x55f655821cc0;  1 drivers
S_0x55f6557ff030 .scope generate, "genblk1[10]" "genblk1[10]" 3 25, 3 25 0, S_0x55f6557559c0;
 .timescale 0 0;
P_0x55f6557ff220 .param/l "i" 0 3 25, +C4<01010>;
L_0x55f6558220a0 .functor AND 1, L_0x55f655821e00, L_0x55f655821ea0, C4<1>, C4<1>;
L_0x55f655822490 .functor XOR 1, L_0x55f6558221e0, L_0x55f655822280, C4<0>, C4<0>;
v0x55f6557ff300_0 .net *"_s0", 0 0, L_0x55f655821e00;  1 drivers
v0x55f6557ff3e0_0 .net *"_s1", 0 0, L_0x55f655821ea0;  1 drivers
v0x55f6557ff4c0_0 .net *"_s2", 0 0, L_0x55f6558220a0;  1 drivers
v0x55f6557ff580_0 .net *"_s4", 0 0, L_0x55f6558221e0;  1 drivers
v0x55f6557ff660_0 .net *"_s5", 0 0, L_0x55f655822280;  1 drivers
v0x55f6557ff790_0 .net *"_s6", 0 0, L_0x55f655822490;  1 drivers
S_0x55f6557ff870 .scope generate, "genblk1[11]" "genblk1[11]" 3 25, 3 25 0, S_0x55f6557559c0;
 .timescale 0 0;
P_0x55f6557ffa60 .param/l "i" 0 3 25, +C4<01011>;
L_0x55f655822890 .functor AND 1, L_0x55f6558225d0, L_0x55f655822670, C4<1>, C4<1>;
L_0x55f655822ca0 .functor XOR 1, L_0x55f6558229d0, L_0x55f655822a70, C4<0>, C4<0>;
v0x55f6557ffb40_0 .net *"_s0", 0 0, L_0x55f6558225d0;  1 drivers
v0x55f6557ffc20_0 .net *"_s1", 0 0, L_0x55f655822670;  1 drivers
v0x55f6557ffd00_0 .net *"_s2", 0 0, L_0x55f655822890;  1 drivers
v0x55f6557ffdc0_0 .net *"_s4", 0 0, L_0x55f6558229d0;  1 drivers
v0x55f6557ffea0_0 .net *"_s5", 0 0, L_0x55f655822a70;  1 drivers
v0x55f6557fffd0_0 .net *"_s6", 0 0, L_0x55f655822ca0;  1 drivers
S_0x55f6558000b0 .scope generate, "genblk1[12]" "genblk1[12]" 3 25, 3 25 0, S_0x55f6557559c0;
 .timescale 0 0;
P_0x55f6558002a0 .param/l "i" 0 3 25, +C4<01100>;
L_0x55f6558230c0 .functor AND 1, L_0x55f655822de0, L_0x55f655822e80, C4<1>, C4<1>;
L_0x55f6558234f0 .functor XOR 1, L_0x55f655823200, L_0x55f6558232a0, C4<0>, C4<0>;
v0x55f655800380_0 .net *"_s0", 0 0, L_0x55f655822de0;  1 drivers
v0x55f655800460_0 .net *"_s1", 0 0, L_0x55f655822e80;  1 drivers
v0x55f655800540_0 .net *"_s2", 0 0, L_0x55f6558230c0;  1 drivers
v0x55f655800600_0 .net *"_s4", 0 0, L_0x55f655823200;  1 drivers
v0x55f6558006e0_0 .net *"_s5", 0 0, L_0x55f6558232a0;  1 drivers
v0x55f655800810_0 .net *"_s6", 0 0, L_0x55f6558234f0;  1 drivers
S_0x55f6558008f0 .scope generate, "genblk1[13]" "genblk1[13]" 3 25, 3 25 0, S_0x55f6557559c0;
 .timescale 0 0;
P_0x55f655800ae0 .param/l "i" 0 3 25, +C4<01101>;
L_0x55f655823930 .functor AND 1, L_0x55f655823630, L_0x55f6558236d0, C4<1>, C4<1>;
L_0x55f655823d80 .functor XOR 1, L_0x55f655823a70, L_0x55f655823b10, C4<0>, C4<0>;
v0x55f655800bc0_0 .net *"_s0", 0 0, L_0x55f655823630;  1 drivers
v0x55f655800ca0_0 .net *"_s1", 0 0, L_0x55f6558236d0;  1 drivers
v0x55f655800d80_0 .net *"_s2", 0 0, L_0x55f655823930;  1 drivers
v0x55f655800e40_0 .net *"_s4", 0 0, L_0x55f655823a70;  1 drivers
v0x55f655800f20_0 .net *"_s5", 0 0, L_0x55f655823b10;  1 drivers
v0x55f655801050_0 .net *"_s6", 0 0, L_0x55f655823d80;  1 drivers
S_0x55f655801130 .scope generate, "genblk1[14]" "genblk1[14]" 3 25, 3 25 0, S_0x55f6557559c0;
 .timescale 0 0;
P_0x55f655801320 .param/l "i" 0 3 25, +C4<01110>;
L_0x55f6558241e0 .functor AND 1, L_0x55f655823ec0, L_0x55f655823f60, C4<1>, C4<1>;
L_0x55f655824650 .functor XOR 1, L_0x55f655824320, L_0x55f6558243c0, C4<0>, C4<0>;
v0x55f655801400_0 .net *"_s0", 0 0, L_0x55f655823ec0;  1 drivers
v0x55f6558014e0_0 .net *"_s1", 0 0, L_0x55f655823f60;  1 drivers
v0x55f6558015c0_0 .net *"_s2", 0 0, L_0x55f6558241e0;  1 drivers
v0x55f655801680_0 .net *"_s4", 0 0, L_0x55f655824320;  1 drivers
v0x55f655801760_0 .net *"_s5", 0 0, L_0x55f6558243c0;  1 drivers
v0x55f655801890_0 .net *"_s6", 0 0, L_0x55f655824650;  1 drivers
S_0x55f655801970 .scope generate, "genblk1[15]" "genblk1[15]" 3 25, 3 25 0, S_0x55f6557559c0;
 .timescale 0 0;
P_0x55f655801b60 .param/l "i" 0 3 25, +C4<01111>;
L_0x55f655825840 .functor AND 1, L_0x55f655824ce0, L_0x55f655825390, C4<1>, C4<1>;
L_0x55f655826460 .functor XOR 1, L_0x55f655826100, L_0x55f6558261a0, C4<0>, C4<0>;
v0x55f655801c40_0 .net *"_s0", 0 0, L_0x55f655824ce0;  1 drivers
v0x55f655801d20_0 .net *"_s1", 0 0, L_0x55f655825390;  1 drivers
v0x55f655801e00_0 .net *"_s2", 0 0, L_0x55f655825840;  1 drivers
v0x55f655801ec0_0 .net *"_s4", 0 0, L_0x55f655826100;  1 drivers
v0x55f655801fa0_0 .net *"_s5", 0 0, L_0x55f6558261a0;  1 drivers
v0x55f6558020d0_0 .net *"_s6", 0 0, L_0x55f655826460;  1 drivers
S_0x55f6558021b0 .scope generate, "genblk2[0]" "genblk2[0]" 3 33, 3 33 0, S_0x55f6557559c0;
 .timescale 0 0;
P_0x55f6558023a0 .param/l "j" 0 3 33, +C4<00>;
L_0x55f655826df0 .functor AND 1, L_0x55f655826a70, L_0x55f655826d50, C4<1>, C4<1>;
L_0x55f655826eb0 .functor OR 1, L_0x55f6558269d0, L_0x55f655826df0, C4<0>, C4<0>;
L_0x55f6558273e0 .functor AND 1, L_0x55f655826fc0, L_0x55f655827340, C4<1>, C4<1>;
v0x55f655802480_0 .net *"_s0", 0 0, L_0x55f6558265c0;  1 drivers
v0x55f655802560_0 .net *"_s1", 0 0, L_0x55f6558266b0;  1 drivers
v0x55f655802640_0 .net *"_s10", 0 0, L_0x55f655827340;  1 drivers
v0x55f655802700_0 .net *"_s11", 0 0, L_0x55f6558273e0;  1 drivers
v0x55f6558027e0_0 .net *"_s2", 0 0, L_0x55f6558269d0;  1 drivers
v0x55f655802910_0 .net *"_s3", 0 0, L_0x55f655826a70;  1 drivers
v0x55f6558029f0_0 .net *"_s4", 0 0, L_0x55f655826d50;  1 drivers
v0x55f655802ad0_0 .net *"_s5", 0 0, L_0x55f655826df0;  1 drivers
v0x55f655802bb0_0 .net *"_s7", 0 0, L_0x55f655826eb0;  1 drivers
v0x55f655802c90_0 .net *"_s9", 0 0, L_0x55f655826fc0;  1 drivers
S_0x55f655802d70 .scope generate, "genblk2[1]" "genblk2[1]" 3 33, 3 33 0, S_0x55f6557559c0;
 .timescale 0 0;
P_0x55f655802f10 .param/l "j" 0 3 33, +C4<01>;
L_0x55f655827f10 .functor AND 1, L_0x55f655827b50, L_0x55f655827bf0, C4<1>, C4<1>;
L_0x55f655828020 .functor OR 1, L_0x55f655827840, L_0x55f655827f10, C4<0>, C4<0>;
L_0x55f655828500 .functor AND 1, L_0x55f655828130, L_0x55f6558281d0, C4<1>, C4<1>;
v0x55f655802ff0_0 .net *"_s0", 0 0, L_0x55f6558274a0;  1 drivers
v0x55f6558030d0_0 .net *"_s1", 0 0, L_0x55f6558277a0;  1 drivers
v0x55f6558031b0_0 .net *"_s10", 0 0, L_0x55f6558281d0;  1 drivers
v0x55f655803270_0 .net *"_s11", 0 0, L_0x55f655828500;  1 drivers
v0x55f655803350_0 .net *"_s2", 0 0, L_0x55f655827840;  1 drivers
v0x55f655803480_0 .net *"_s3", 0 0, L_0x55f655827b50;  1 drivers
v0x55f655803560_0 .net *"_s4", 0 0, L_0x55f655827bf0;  1 drivers
v0x55f655803640_0 .net *"_s5", 0 0, L_0x55f655827f10;  1 drivers
v0x55f655803720_0 .net *"_s7", 0 0, L_0x55f655828020;  1 drivers
v0x55f655803800_0 .net *"_s9", 0 0, L_0x55f655828130;  1 drivers
S_0x55f6558038e0 .scope generate, "genblk2[2]" "genblk2[2]" 3 33, 3 33 0, S_0x55f6557559c0;
 .timescale 0 0;
P_0x55f655803a80 .param/l "j" 0 3 33, +C4<010>;
L_0x55f655828e80 .functor AND 1, L_0x55f655828a90, L_0x55f655828de0, C4<1>, C4<1>;
L_0x55f655828f90 .functor OR 1, L_0x55f6558289f0, L_0x55f655828e80, C4<0>, C4<0>;
L_0x55f6558294a0 .functor AND 1, L_0x55f6558290a0, L_0x55f655829400, C4<1>, C4<1>;
v0x55f655803b60_0 .net *"_s0", 0 0, L_0x55f655828610;  1 drivers
v0x55f655803c40_0 .net *"_s1", 0 0, L_0x55f6558286b0;  1 drivers
v0x55f655803d20_0 .net *"_s10", 0 0, L_0x55f655829400;  1 drivers
v0x55f655803de0_0 .net *"_s11", 0 0, L_0x55f6558294a0;  1 drivers
v0x55f655803ec0_0 .net *"_s2", 0 0, L_0x55f6558289f0;  1 drivers
v0x55f655803ff0_0 .net *"_s3", 0 0, L_0x55f655828a90;  1 drivers
v0x55f6558040d0_0 .net *"_s4", 0 0, L_0x55f655828de0;  1 drivers
v0x55f6558041b0_0 .net *"_s5", 0 0, L_0x55f655828e80;  1 drivers
v0x55f655804290_0 .net *"_s7", 0 0, L_0x55f655828f90;  1 drivers
v0x55f655804400_0 .net *"_s9", 0 0, L_0x55f6558290a0;  1 drivers
S_0x55f6558044e0 .scope generate, "genblk2[3]" "genblk2[3]" 3 33, 3 33 0, S_0x55f6557559c0;
 .timescale 0 0;
P_0x55f655804680 .param/l "j" 0 3 33, +C4<011>;
L_0x55f65582a170 .functor AND 1, L_0x55f655829d40, L_0x55f655829de0, C4<1>, C4<1>;
L_0x55f65582a280 .functor OR 1, L_0x55f6558299c0, L_0x55f65582a170, C4<0>, C4<0>;
L_0x55f65582a7d0 .functor AND 1, L_0x55f65582a390, L_0x55f65582a430, C4<1>, C4<1>;
v0x55f655804760_0 .net *"_s0", 0 0, L_0x55f6558295b0;  1 drivers
v0x55f655804840_0 .net *"_s1", 0 0, L_0x55f655829920;  1 drivers
v0x55f655804920_0 .net *"_s10", 0 0, L_0x55f65582a430;  1 drivers
v0x55f6558049e0_0 .net *"_s11", 0 0, L_0x55f65582a7d0;  1 drivers
v0x55f655804ac0_0 .net *"_s2", 0 0, L_0x55f6558299c0;  1 drivers
v0x55f655804bf0_0 .net *"_s3", 0 0, L_0x55f655829d40;  1 drivers
v0x55f655804cd0_0 .net *"_s4", 0 0, L_0x55f655829de0;  1 drivers
v0x55f655804db0_0 .net *"_s5", 0 0, L_0x55f65582a170;  1 drivers
v0x55f655804e90_0 .net *"_s7", 0 0, L_0x55f65582a280;  1 drivers
v0x55f655805000_0 .net *"_s9", 0 0, L_0x55f65582a390;  1 drivers
S_0x55f6558050e0 .scope generate, "genblk2[4]" "genblk2[4]" 3 33, 3 33 0, S_0x55f6557559c0;
 .timescale 0 0;
P_0x55f655805280 .param/l "j" 0 3 33, +C4<0100>;
L_0x55f65582b230 .functor AND 1, L_0x55f65582add0, L_0x55f65582b190, C4<1>, C4<1>;
L_0x55f65582b340 .functor OR 1, L_0x55f65582ad30, L_0x55f65582b230, C4<0>, C4<0>;
L_0x55f65582b8c0 .functor AND 1, L_0x55f65582b450, L_0x55f65582b820, C4<1>, C4<1>;
v0x55f655805360_0 .net *"_s0", 0 0, L_0x55f65582a8e0;  1 drivers
v0x55f655805440_0 .net *"_s1", 0 0, L_0x55f65582a980;  1 drivers
v0x55f655805520_0 .net *"_s10", 0 0, L_0x55f65582b820;  1 drivers
v0x55f6558055e0_0 .net *"_s11", 0 0, L_0x55f65582b8c0;  1 drivers
v0x55f6558056c0_0 .net *"_s2", 0 0, L_0x55f65582ad30;  1 drivers
v0x55f6558057f0_0 .net *"_s3", 0 0, L_0x55f65582add0;  1 drivers
v0x55f6558058d0_0 .net *"_s4", 0 0, L_0x55f65582b190;  1 drivers
v0x55f6558059b0_0 .net *"_s5", 0 0, L_0x55f65582b230;  1 drivers
v0x55f655805a90_0 .net *"_s7", 0 0, L_0x55f65582b340;  1 drivers
v0x55f655805c00_0 .net *"_s9", 0 0, L_0x55f65582b450;  1 drivers
S_0x55f655805ce0 .scope generate, "genblk2[5]" "genblk2[5]" 3 33, 3 33 0, S_0x55f6557559c0;
 .timescale 0 0;
P_0x55f655805e80 .param/l "j" 0 3 33, +C4<0101>;
L_0x55f65582c6e0 .functor AND 1, L_0x55f65582c240, L_0x55f65582c2e0, C4<1>, C4<1>;
L_0x55f65582c7f0 .functor OR 1, L_0x55f65582be50, L_0x55f65582c6e0, C4<0>, C4<0>;
L_0x55f65582cdb0 .functor AND 1, L_0x55f65582c900, L_0x55f65582c9a0, C4<1>, C4<1>;
v0x55f655805f60_0 .net *"_s0", 0 0, L_0x55f65582b9d0;  1 drivers
v0x55f655806040_0 .net *"_s1", 0 0, L_0x55f65582bdb0;  1 drivers
v0x55f655806120_0 .net *"_s10", 0 0, L_0x55f65582c9a0;  1 drivers
v0x55f6558061e0_0 .net *"_s11", 0 0, L_0x55f65582cdb0;  1 drivers
v0x55f6558062c0_0 .net *"_s2", 0 0, L_0x55f65582be50;  1 drivers
v0x55f6558063f0_0 .net *"_s3", 0 0, L_0x55f65582c240;  1 drivers
v0x55f6558064d0_0 .net *"_s4", 0 0, L_0x55f65582c2e0;  1 drivers
v0x55f6558065b0_0 .net *"_s5", 0 0, L_0x55f65582c6e0;  1 drivers
v0x55f655806690_0 .net *"_s7", 0 0, L_0x55f65582c7f0;  1 drivers
v0x55f655806800_0 .net *"_s9", 0 0, L_0x55f65582c900;  1 drivers
S_0x55f6558068e0 .scope generate, "genblk2[6]" "genblk2[6]" 3 33, 3 33 0, S_0x55f6557559c0;
 .timescale 0 0;
P_0x55f655806a80 .param/l "j" 0 3 33, +C4<0110>;
L_0x55f65582d8f0 .functor AND 1, L_0x55f65582d420, L_0x55f65582d850, C4<1>, C4<1>;
L_0x55f65582da00 .functor OR 1, L_0x55f65582d380, L_0x55f65582d8f0, C4<0>, C4<0>;
L_0x55f65582dff0 .functor AND 1, L_0x55f65582db10, L_0x55f65582df50, C4<1>, C4<1>;
v0x55f655806b60_0 .net *"_s0", 0 0, L_0x55f65582cec0;  1 drivers
v0x55f655806c40_0 .net *"_s1", 0 0, L_0x55f65582cf60;  1 drivers
v0x55f655806d20_0 .net *"_s10", 0 0, L_0x55f65582df50;  1 drivers
v0x55f655806de0_0 .net *"_s11", 0 0, L_0x55f65582dff0;  1 drivers
v0x55f655806ec0_0 .net *"_s2", 0 0, L_0x55f65582d380;  1 drivers
v0x55f655806ff0_0 .net *"_s3", 0 0, L_0x55f65582d420;  1 drivers
v0x55f6558070d0_0 .net *"_s4", 0 0, L_0x55f65582d850;  1 drivers
v0x55f6558071b0_0 .net *"_s5", 0 0, L_0x55f65582d8f0;  1 drivers
v0x55f655807290_0 .net *"_s7", 0 0, L_0x55f65582da00;  1 drivers
v0x55f655807400_0 .net *"_s9", 0 0, L_0x55f65582db10;  1 drivers
S_0x55f6558074e0 .scope generate, "genblk2[7]" "genblk2[7]" 3 33, 3 33 0, S_0x55f6557559c0;
 .timescale 0 0;
P_0x55f655807680 .param/l "j" 0 3 33, +C4<0111>;
L_0x55f65582f4b0 .functor AND 1, L_0x55f65582efa0, L_0x55f65582f410, C4<1>, C4<1>;
L_0x55f65582f5c0 .functor OR 1, L_0x55f65582ef00, L_0x55f65582f4b0, C4<0>, C4<0>;
L_0x55f655830990 .functor AND 1, L_0x55f655830050, L_0x55f655830500, C4<1>, C4<1>;
v0x55f655807760_0 .net *"_s0", 0 0, L_0x55f65582e100;  1 drivers
v0x55f655807840_0 .net *"_s1", 0 0, L_0x55f65582e550;  1 drivers
v0x55f655807920_0 .net *"_s10", 0 0, L_0x55f655830500;  1 drivers
v0x55f6558079e0_0 .net *"_s11", 0 0, L_0x55f655830990;  1 drivers
v0x55f655807ac0_0 .net *"_s2", 0 0, L_0x55f65582ef00;  1 drivers
v0x55f655807bf0_0 .net *"_s3", 0 0, L_0x55f65582efa0;  1 drivers
v0x55f655807cd0_0 .net *"_s4", 0 0, L_0x55f65582f410;  1 drivers
v0x55f655807db0_0 .net *"_s5", 0 0, L_0x55f65582f4b0;  1 drivers
v0x55f655807e90_0 .net *"_s7", 0 0, L_0x55f65582f5c0;  1 drivers
v0x55f655808000_0 .net *"_s9", 0 0, L_0x55f655830050;  1 drivers
S_0x55f6558080e0 .scope generate, "genblk3[0]" "genblk3[0]" 3 43, 3 43 0, S_0x55f6557559c0;
 .timescale 0 0;
P_0x55f655808280 .param/l "j" 0 3 43, +C4<00>;
L_0x55f655831d40 .functor AND 1, L_0x55f655831750, L_0x55f655831c10, C4<1>, C4<1>;
L_0x55f655831db0 .functor OR 1, L_0x55f655831620, L_0x55f655831d40, C4<0>, C4<0>;
L_0x55f655831890 .functor AND 1, L_0x55f655831ec0, L_0x55f6558317f0, C4<1>, C4<1>;
L_0x55f655831b80 .functor AND 1, L_0x55f655831a40, L_0x55f655831ae0, C4<1>, C4<1>;
L_0x55f655832450 .functor OR 1, L_0x55f6558319a0, L_0x55f655831b80, C4<0>, C4<0>;
L_0x55f655831f60 .functor AND 1, L_0x55f655832560, L_0x55f655832600, C4<1>, C4<1>;
v0x55f655808360_0 .net *"_s0", 0 0, L_0x55f655830af0;  1 drivers
v0x55f655808440_0 .net *"_s1", 0 0, L_0x55f655830be0;  1 drivers
v0x55f655808520_0 .net *"_s11", 0 0, L_0x55f655831ec0;  1 drivers
v0x55f6558085e0_0 .net *"_s12", 0 0, L_0x55f6558317f0;  1 drivers
v0x55f6558086c0_0 .net *"_s13", 0 0, L_0x55f655831890;  1 drivers
v0x55f6558087f0_0 .net *"_s15", 0 0, L_0x55f6558319a0;  1 drivers
v0x55f6558088d0_0 .net *"_s16", 0 0, L_0x55f655831a40;  1 drivers
v0x55f6558089b0_0 .net *"_s17", 0 0, L_0x55f655831ae0;  1 drivers
v0x55f655808a90_0 .net *"_s18", 0 0, L_0x55f655831b80;  1 drivers
v0x55f655808c00_0 .net *"_s2", 0 0, L_0x55f6558310d0;  1 drivers
v0x55f655808ce0_0 .net *"_s20", 0 0, L_0x55f655832450;  1 drivers
v0x55f655808dc0_0 .net *"_s22", 0 0, L_0x55f655832560;  1 drivers
v0x55f655808ea0_0 .net *"_s23", 0 0, L_0x55f655832600;  1 drivers
v0x55f655808f80_0 .net *"_s24", 0 0, L_0x55f655831f60;  1 drivers
v0x55f655809060_0 .net *"_s3", 0 0, L_0x55f655831170;  1 drivers
v0x55f655809140_0 .net *"_s4", 0 0, L_0x55f655831620;  1 drivers
v0x55f655809220_0 .net *"_s5", 0 0, L_0x55f655831750;  1 drivers
v0x55f655809300_0 .net *"_s6", 0 0, L_0x55f655831c10;  1 drivers
v0x55f6558093e0_0 .net *"_s7", 0 0, L_0x55f655831d40;  1 drivers
v0x55f6558094c0_0 .net *"_s9", 0 0, L_0x55f655831db0;  1 drivers
S_0x55f6558095a0 .scope generate, "genblk3[1]" "genblk3[1]" 3 43, 3 43 0, S_0x55f6557559c0;
 .timescale 0 0;
P_0x55f655809740 .param/l "j" 0 3 43, +C4<01>;
L_0x55f655832740 .functor AND 1, L_0x55f655832bc0, L_0x55f6558326a0, C4<1>, C4<1>;
L_0x55f655832850 .functor OR 1, L_0x55f655832b20, L_0x55f655832740, C4<0>, C4<0>;
L_0x55f655832330 .functor AND 1, L_0x55f655832960, L_0x55f655832a00, C4<1>, C4<1>;
L_0x55f655832da0 .functor AND 1, L_0x55f655832c60, L_0x55f655832d00, C4<1>, C4<1>;
L_0x55f655832eb0 .functor OR 1, L_0x55f655833100, L_0x55f655832da0, C4<0>, C4<0>;
L_0x55f655833670 .functor AND 1, L_0x55f655832fc0, L_0x55f655833060, C4<1>, C4<1>;
v0x55f655809820_0 .net *"_s0", 0 0, L_0x55f6558320b0;  1 drivers
v0x55f655809900_0 .net *"_s1", 0 0, L_0x55f655832150;  1 drivers
v0x55f6558099e0_0 .net *"_s11", 0 0, L_0x55f655832960;  1 drivers
v0x55f655809aa0_0 .net *"_s12", 0 0, L_0x55f655832a00;  1 drivers
v0x55f655809b80_0 .net *"_s13", 0 0, L_0x55f655832330;  1 drivers
v0x55f655809cb0_0 .net *"_s15", 0 0, L_0x55f655833100;  1 drivers
v0x55f655809d90_0 .net *"_s16", 0 0, L_0x55f655832c60;  1 drivers
v0x55f655809e70_0 .net *"_s17", 0 0, L_0x55f655832d00;  1 drivers
v0x55f655809f50_0 .net *"_s18", 0 0, L_0x55f655832da0;  1 drivers
v0x55f65580a030_0 .net *"_s2", 0 0, L_0x55f6558321f0;  1 drivers
v0x55f65580a110_0 .net *"_s20", 0 0, L_0x55f655832eb0;  1 drivers
v0x55f65580a1f0_0 .net *"_s22", 0 0, L_0x55f655832fc0;  1 drivers
v0x55f65580a2d0_0 .net *"_s23", 0 0, L_0x55f655833060;  1 drivers
v0x55f65580a3b0_0 .net *"_s24", 0 0, L_0x55f655833670;  1 drivers
v0x55f65580a490_0 .net *"_s3", 0 0, L_0x55f655832290;  1 drivers
v0x55f65580a570_0 .net *"_s4", 0 0, L_0x55f655832b20;  1 drivers
v0x55f65580a650_0 .net *"_s5", 0 0, L_0x55f655832bc0;  1 drivers
v0x55f65580a840_0 .net *"_s6", 0 0, L_0x55f6558326a0;  1 drivers
v0x55f65580a920_0 .net *"_s7", 0 0, L_0x55f655832740;  1 drivers
v0x55f65580aa00_0 .net *"_s9", 0 0, L_0x55f655832850;  1 drivers
S_0x55f65580aae0 .scope generate, "genblk3[2]" "genblk3[2]" 3 43, 3 43 0, S_0x55f6557559c0;
 .timescale 0 0;
P_0x55f65580ac80 .param/l "j" 0 3 43, +C4<010>;
L_0x55f6558334c0 .functor AND 1, L_0x55f655833380, L_0x55f655833420, C4<1>, C4<1>;
L_0x55f6558335d0 .functor OR 1, L_0x55f6558332e0, L_0x55f6558334c0, C4<0>, C4<0>;
L_0x55f6558339a0 .functor AND 1, L_0x55f655833ea0, L_0x55f655833900, C4<1>, C4<1>;
L_0x55f655833c90 .functor AND 1, L_0x55f655833b50, L_0x55f655833bf0, C4<1>, C4<1>;
L_0x55f655834470 .functor OR 1, L_0x55f655833ab0, L_0x55f655833c90, C4<0>, C4<0>;
L_0x55f655833f40 .functor AND 1, L_0x55f655834530, L_0x55f6558345d0, C4<1>, C4<1>;
v0x55f65580ad60_0 .net *"_s0", 0 0, L_0x55f6558337c0;  1 drivers
v0x55f65580ae40_0 .net *"_s1", 0 0, L_0x55f655833860;  1 drivers
v0x55f65580af20_0 .net *"_s11", 0 0, L_0x55f655833ea0;  1 drivers
v0x55f65580afe0_0 .net *"_s12", 0 0, L_0x55f655833900;  1 drivers
v0x55f65580b0c0_0 .net *"_s13", 0 0, L_0x55f6558339a0;  1 drivers
v0x55f65580b1f0_0 .net *"_s15", 0 0, L_0x55f655833ab0;  1 drivers
v0x55f65580b2d0_0 .net *"_s16", 0 0, L_0x55f655833b50;  1 drivers
v0x55f65580b3b0_0 .net *"_s17", 0 0, L_0x55f655833bf0;  1 drivers
v0x55f65580b490_0 .net *"_s18", 0 0, L_0x55f655833c90;  1 drivers
v0x55f65580b570_0 .net *"_s2", 0 0, L_0x55f6558331a0;  1 drivers
v0x55f65580b650_0 .net *"_s20", 0 0, L_0x55f655834470;  1 drivers
v0x55f65580b730_0 .net *"_s22", 0 0, L_0x55f655834530;  1 drivers
v0x55f65580b810_0 .net *"_s23", 0 0, L_0x55f6558345d0;  1 drivers
v0x55f65580b8f0_0 .net *"_s24", 0 0, L_0x55f655833f40;  1 drivers
v0x55f65580b9d0_0 .net *"_s3", 0 0, L_0x55f655833240;  1 drivers
v0x55f65580bab0_0 .net *"_s4", 0 0, L_0x55f6558332e0;  1 drivers
v0x55f65580bb90_0 .net *"_s5", 0 0, L_0x55f655833380;  1 drivers
v0x55f65580bd80_0 .net *"_s6", 0 0, L_0x55f655833420;  1 drivers
v0x55f65580be60_0 .net *"_s7", 0 0, L_0x55f6558334c0;  1 drivers
v0x55f65580bf40_0 .net *"_s9", 0 0, L_0x55f6558335d0;  1 drivers
S_0x55f65580c020 .scope generate, "genblk3[3]" "genblk3[3]" 3 43, 3 43 0, S_0x55f6557559c0;
 .timescale 0 0;
P_0x55f65580c1c0 .param/l "j" 0 3 43, +C4<011>;
L_0x55f655834c80 .functor AND 1, L_0x55f6558343b0, L_0x55f655834be0, C4<1>, C4<1>;
L_0x55f655834d90 .functor OR 1, L_0x55f655834310, L_0x55f655834c80, C4<0>, C4<0>;
L_0x55f655834710 .functor AND 1, L_0x55f655834ea0, L_0x55f655834670, C4<1>, C4<1>;
L_0x55f655835120 .functor AND 1, L_0x55f655834fe0, L_0x55f655835080, C4<1>, C4<1>;
L_0x55f655835230 .functor OR 1, L_0x55f655834f40, L_0x55f655835120, C4<0>, C4<0>;
L_0x55f655835790 .functor AND 1, L_0x55f655835650, L_0x55f6558356f0, C4<1>, C4<1>;
v0x55f65580c2a0_0 .net *"_s0", 0 0, L_0x55f655834090;  1 drivers
v0x55f65580c380_0 .net *"_s1", 0 0, L_0x55f655834130;  1 drivers
v0x55f65580c460_0 .net *"_s11", 0 0, L_0x55f655834ea0;  1 drivers
v0x55f65580c520_0 .net *"_s12", 0 0, L_0x55f655834670;  1 drivers
v0x55f65580c600_0 .net *"_s13", 0 0, L_0x55f655834710;  1 drivers
v0x55f65580c730_0 .net *"_s15", 0 0, L_0x55f655834f40;  1 drivers
v0x55f65580c810_0 .net *"_s16", 0 0, L_0x55f655834fe0;  1 drivers
v0x55f65580c8f0_0 .net *"_s17", 0 0, L_0x55f655835080;  1 drivers
v0x55f65580c9d0_0 .net *"_s18", 0 0, L_0x55f655835120;  1 drivers
v0x55f65580cab0_0 .net *"_s2", 0 0, L_0x55f6558341d0;  1 drivers
v0x55f65580cb90_0 .net *"_s20", 0 0, L_0x55f655835230;  1 drivers
v0x55f65580cc70_0 .net *"_s22", 0 0, L_0x55f655835650;  1 drivers
v0x55f65580cd50_0 .net *"_s23", 0 0, L_0x55f6558356f0;  1 drivers
v0x55f65580ce30_0 .net *"_s24", 0 0, L_0x55f655835790;  1 drivers
v0x55f65580cf10_0 .net *"_s3", 0 0, L_0x55f655834270;  1 drivers
v0x55f65580cff0_0 .net *"_s4", 0 0, L_0x55f655834310;  1 drivers
v0x55f65580d0d0_0 .net *"_s5", 0 0, L_0x55f6558343b0;  1 drivers
v0x55f65580d2c0_0 .net *"_s6", 0 0, L_0x55f655834be0;  1 drivers
v0x55f65580d3a0_0 .net *"_s7", 0 0, L_0x55f655834c80;  1 drivers
v0x55f65580d480_0 .net *"_s9", 0 0, L_0x55f655834d90;  1 drivers
S_0x55f65580d560 .scope generate, "genblk4[0]" "genblk4[0]" 3 57, 3 57 0, S_0x55f6557559c0;
 .timescale 0 0;
P_0x55f65580d700 .param/l "j" 0 3 57, +C4<00>;
L_0x55f655835b70 .functor AND 1, L_0x55f655836490, L_0x55f655836530, C4<1>, C4<1>;
L_0x55f655836cd0 .functor OR 1, L_0x55f6558363f0, L_0x55f655835b70, C4<0>, C4<0>;
L_0x55f655836760 .functor AND 1, L_0x55f655836d90, L_0x55f6558366c0, C4<1>, C4<1>;
L_0x55f655836a50 .functor AND 1, L_0x55f655836910, L_0x55f6558369b0, C4<1>, C4<1>;
L_0x55f655836b60 .functor OR 1, L_0x55f655836870, L_0x55f655836a50, C4<0>, C4<0>;
L_0x55f655836e30 .functor AND 1, L_0x55f655837470, L_0x55f655837510, C4<1>, C4<1>;
L_0x55f655837160 .functor AND 1, L_0x55f655837020, L_0x55f6558370c0, C4<1>, C4<1>;
L_0x55f655837270 .functor OR 1, L_0x55f655836f80, L_0x55f655837160, C4<0>, C4<0>;
L_0x55f655837cc0 .functor AND 1, L_0x55f6558373d0, L_0x55f655837c20, C4<1>, C4<1>;
L_0x55f6558376f0 .functor AND 1, L_0x55f6558375b0, L_0x55f655837650, C4<1>, C4<1>;
L_0x55f655837860 .functor OR 1, L_0x55f655837d80, L_0x55f6558376f0, C4<0>, C4<0>;
L_0x55f655837a60 .functor AND 1, L_0x55f655837920, L_0x55f6558379c0, C4<1>, C4<1>;
v0x55f65580d7e0_0 .net *"_s0", 0 0, L_0x55f6558358f0;  1 drivers
v0x55f65580d8c0_0 .net *"_s1", 0 0, L_0x55f6558359e0;  1 drivers
v0x55f65580d9a0_0 .net *"_s10", 0 0, L_0x55f655836530;  1 drivers
v0x55f65580da60_0 .net *"_s11", 0 0, L_0x55f655835b70;  1 drivers
v0x55f65580db40_0 .net *"_s13", 0 0, L_0x55f655836cd0;  1 drivers
v0x55f65580dc70_0 .net *"_s15", 0 0, L_0x55f655836d90;  1 drivers
v0x55f65580dd50_0 .net *"_s16", 0 0, L_0x55f6558366c0;  1 drivers
v0x55f65580de30_0 .net *"_s17", 0 0, L_0x55f655836760;  1 drivers
v0x55f65580df10_0 .net *"_s19", 0 0, L_0x55f655836870;  1 drivers
v0x55f65580dff0_0 .net *"_s2", 0 0, L_0x55f655835ad0;  1 drivers
v0x55f65580e0d0_0 .net *"_s20", 0 0, L_0x55f655836910;  1 drivers
v0x55f65580e1b0_0 .net *"_s21", 0 0, L_0x55f6558369b0;  1 drivers
v0x55f65580e290_0 .net *"_s22", 0 0, L_0x55f655836a50;  1 drivers
v0x55f65580e370_0 .net *"_s24", 0 0, L_0x55f655836b60;  1 drivers
v0x55f65580e450_0 .net *"_s26", 0 0, L_0x55f655837470;  1 drivers
v0x55f65580e530_0 .net *"_s27", 0 0, L_0x55f655837510;  1 drivers
v0x55f65580e610_0 .net *"_s28", 0 0, L_0x55f655836e30;  1 drivers
v0x55f65580e800_0 .net *"_s3", 0 0, L_0x55f655836620;  1 drivers
v0x55f65580e8e0_0 .net *"_s30", 0 0, L_0x55f655836f80;  1 drivers
v0x55f65580e9c0_0 .net *"_s31", 0 0, L_0x55f655837020;  1 drivers
v0x55f65580eaa0_0 .net *"_s32", 0 0, L_0x55f6558370c0;  1 drivers
v0x55f65580eb80_0 .net *"_s33", 0 0, L_0x55f655837160;  1 drivers
v0x55f65580ec60_0 .net *"_s35", 0 0, L_0x55f655837270;  1 drivers
v0x55f65580ed40_0 .net *"_s37", 0 0, L_0x55f6558373d0;  1 drivers
v0x55f65580ee20_0 .net *"_s38", 0 0, L_0x55f655837c20;  1 drivers
v0x55f65580ef00_0 .net *"_s39", 0 0, L_0x55f655837cc0;  1 drivers
v0x55f65580efe0_0 .net *"_s4", 0 0, L_0x55f655836050;  1 drivers
v0x55f65580f0c0_0 .net *"_s41", 0 0, L_0x55f655837d80;  1 drivers
v0x55f65580f1a0_0 .net *"_s42", 0 0, L_0x55f6558375b0;  1 drivers
v0x55f65580f280_0 .net *"_s43", 0 0, L_0x55f655837650;  1 drivers
v0x55f65580f360_0 .net *"_s44", 0 0, L_0x55f6558376f0;  1 drivers
v0x55f65580f440_0 .net *"_s46", 0 0, L_0x55f655837860;  1 drivers
v0x55f65580f520_0 .net *"_s48", 0 0, L_0x55f655837920;  1 drivers
v0x55f65580f810_0 .net *"_s49", 0 0, L_0x55f6558379c0;  1 drivers
v0x55f65580f8f0_0 .net *"_s5", 0 0, L_0x55f655836180;  1 drivers
v0x55f65580f9d0_0 .net *"_s50", 0 0, L_0x55f655837a60;  1 drivers
v0x55f65580fab0_0 .net *"_s6", 0 0, L_0x55f6558362b0;  1 drivers
v0x55f65580fb90_0 .net *"_s7", 0 0, L_0x55f655836350;  1 drivers
v0x55f65580fc70_0 .net *"_s8", 0 0, L_0x55f6558363f0;  1 drivers
v0x55f65580fd50_0 .net *"_s9", 0 0, L_0x55f655836490;  1 drivers
S_0x55f65580fe30 .scope generate, "genblk4[1]" "genblk4[1]" 3 57, 3 57 0, S_0x55f6557559c0;
 .timescale 0 0;
P_0x55f65580ffd0 .param/l "j" 0 3 57, +C4<01>;
L_0x55f6558386a0 .functor AND 1, L_0x55f655838ce0, L_0x55f655838600, C4<1>, C4<1>;
L_0x55f6558387b0 .functor OR 1, L_0x55f6558383f0, L_0x55f6558386a0, C4<0>, C4<0>;
L_0x55f655838a00 .functor AND 1, L_0x55f6558388c0, L_0x55f655838960, C4<1>, C4<1>;
L_0x55f655838c50 .functor AND 1, L_0x55f655838bb0, L_0x55f655839490, C4<1>, C4<1>;
L_0x55f655838e20 .functor OR 1, L_0x55f655838b10, L_0x55f655838c50, C4<0>, C4<0>;
L_0x55f655839070 .functor AND 1, L_0x55f655838f30, L_0x55f655838fd0, C4<1>, C4<1>;
L_0x55f655839360 .functor AND 1, L_0x55f655839220, L_0x55f6558392c0, C4<1>, C4<1>;
L_0x55f655839c70 .functor OR 1, L_0x55f655839180, L_0x55f655839360, C4<0>, C4<0>;
L_0x55f6558395d0 .functor AND 1, L_0x55f655839dd0, L_0x55f655839530, C4<1>, C4<1>;
L_0x55f655839f10 .functor AND 1, L_0x55f65583a670, L_0x55f655839e70, C4<1>, C4<1>;
L_0x55f65583a080 .functor OR 1, L_0x55f65583a5d0, L_0x55f655839f10, C4<0>, C4<0>;
L_0x55f65583ac60 .functor AND 1, L_0x55f65583a710, L_0x55f65583abc0, C4<1>, C4<1>;
v0x55f6558100b0_0 .net *"_s0", 0 0, L_0x55f6558384c0;  1 drivers
v0x55f655810190_0 .net *"_s1", 0 0, L_0x55f655838560;  1 drivers
v0x55f655810270_0 .net *"_s10", 0 0, L_0x55f655838600;  1 drivers
v0x55f655810330_0 .net *"_s11", 0 0, L_0x55f6558386a0;  1 drivers
v0x55f655810410_0 .net *"_s13", 0 0, L_0x55f6558387b0;  1 drivers
v0x55f655810540_0 .net *"_s15", 0 0, L_0x55f6558388c0;  1 drivers
v0x55f655810620_0 .net *"_s16", 0 0, L_0x55f655838960;  1 drivers
v0x55f655810700_0 .net *"_s17", 0 0, L_0x55f655838a00;  1 drivers
v0x55f6558107e0_0 .net *"_s19", 0 0, L_0x55f655838b10;  1 drivers
v0x55f6558108c0_0 .net *"_s2", 0 0, L_0x55f655837e20;  1 drivers
v0x55f6558109a0_0 .net *"_s20", 0 0, L_0x55f655838bb0;  1 drivers
v0x55f655810a80_0 .net *"_s21", 0 0, L_0x55f655839490;  1 drivers
v0x55f655810b60_0 .net *"_s22", 0 0, L_0x55f655838c50;  1 drivers
v0x55f655810c40_0 .net *"_s24", 0 0, L_0x55f655838e20;  1 drivers
v0x55f655810d20_0 .net *"_s26", 0 0, L_0x55f655838f30;  1 drivers
v0x55f655810e00_0 .net *"_s27", 0 0, L_0x55f655838fd0;  1 drivers
v0x55f655810ee0_0 .net *"_s28", 0 0, L_0x55f655839070;  1 drivers
v0x55f655810fc0_0 .net *"_s3", 0 0, L_0x55f655837ec0;  1 drivers
v0x55f6558110a0_0 .net *"_s30", 0 0, L_0x55f655839180;  1 drivers
v0x55f655811180_0 .net *"_s31", 0 0, L_0x55f655839220;  1 drivers
v0x55f655811260_0 .net *"_s32", 0 0, L_0x55f6558392c0;  1 drivers
v0x55f655811340_0 .net *"_s33", 0 0, L_0x55f655839360;  1 drivers
v0x55f655811420_0 .net *"_s35", 0 0, L_0x55f655839c70;  1 drivers
v0x55f655811500_0 .net *"_s37", 0 0, L_0x55f655839dd0;  1 drivers
v0x55f6558115e0_0 .net *"_s38", 0 0, L_0x55f655839530;  1 drivers
v0x55f6558116c0_0 .net *"_s39", 0 0, L_0x55f6558395d0;  1 drivers
v0x55f6558117a0_0 .net *"_s4", 0 0, L_0x55f655837f60;  1 drivers
v0x55f655811880_0 .net *"_s41", 0 0, L_0x55f65583a5d0;  1 drivers
v0x55f655811960_0 .net *"_s42", 0 0, L_0x55f65583a670;  1 drivers
v0x55f655811a40_0 .net *"_s43", 0 0, L_0x55f655839e70;  1 drivers
v0x55f655811b20_0 .net *"_s44", 0 0, L_0x55f655839f10;  1 drivers
v0x55f655811c00_0 .net *"_s46", 0 0, L_0x55f65583a080;  1 drivers
v0x55f655811ce0_0 .net *"_s48", 0 0, L_0x55f65583a710;  1 drivers
v0x55f655811fd0_0 .net *"_s49", 0 0, L_0x55f65583abc0;  1 drivers
v0x55f6558120b0_0 .net *"_s5", 0 0, L_0x55f655838210;  1 drivers
v0x55f655812190_0 .net *"_s50", 0 0, L_0x55f65583ac60;  1 drivers
v0x55f655812270_0 .net *"_s6", 0 0, L_0x55f6558382b0;  1 drivers
v0x55f655812350_0 .net *"_s7", 0 0, L_0x55f655838350;  1 drivers
v0x55f655812430_0 .net *"_s8", 0 0, L_0x55f6558383f0;  1 drivers
v0x55f655812510_0 .net *"_s9", 0 0, L_0x55f655838ce0;  1 drivers
S_0x55f6558125f0 .scope generate, "genblk5[0]" "genblk5[0]" 3 78, 3 78 0, S_0x55f6557559c0;
 .timescale 0 0;
P_0x55f655812790 .param/l "j" 0 3 78, +C4<00>;
L_0x55f65583bc00 .functor AND 1, L_0x55f65583bac0, L_0x55f65583bb60, C4<1>, C4<1>;
L_0x55f65583bc70 .functor OR 1, L_0x55f65583ba20, L_0x55f65583bc00, C4<0>, C4<0>;
L_0x55f65583bec0 .functor AND 1, L_0x55f65583bd80, L_0x55f65583be20, C4<1>, C4<1>;
L_0x55f65583c210 .functor AND 1, L_0x55f65583ca50, L_0x55f65583caf0, C4<1>, C4<1>;
L_0x55f65583c320 .functor OR 1, L_0x55f65583bfd0, L_0x55f65583c210, C4<0>, C4<0>;
L_0x55f65583c570 .functor AND 1, L_0x55f65583c430, L_0x55f65583c4d0, C4<1>, C4<1>;
L_0x55f65583c860 .functor AND 1, L_0x55f65583c720, L_0x55f65583c7c0, C4<1>, C4<1>;
L_0x55f65583c970 .functor OR 1, L_0x55f65583c680, L_0x55f65583c860, C4<0>, C4<0>;
L_0x55f65583cc30 .functor AND 1, L_0x55f65583d450, L_0x55f65583cb90, C4<1>, C4<1>;
L_0x55f65583d130 .functor AND 1, L_0x55f65583cff0, L_0x55f65583d090, C4<1>, C4<1>;
L_0x55f65583d2a0 .functor OR 1, L_0x55f65583cd40, L_0x55f65583d130, C4<0>, C4<0>;
L_0x55f65583d4f0 .functor AND 1, L_0x55f65583d360, L_0x55f65583dd90, C4<1>, C4<1>;
L_0x55f65583d850 .functor AND 1, L_0x55f65583d710, L_0x55f65583d7b0, C4<1>, C4<1>;
L_0x55f65583d960 .functor OR 1, L_0x55f65583d670, L_0x55f65583d850, C4<0>, C4<0>;
L_0x55f65583d600 .functor AND 1, L_0x55f65583daf0, L_0x55f65583db90, C4<1>, C4<1>;
L_0x55f65583de30 .functor AND 1, L_0x55f65583e710, L_0x55f65583e7b0, C4<1>, C4<1>;
L_0x55f65583dfd0 .functor OR 1, L_0x55f65583dcd0, L_0x55f65583de30, C4<0>, C4<0>;
L_0x55f65583e220 .functor AND 1, L_0x55f65583e0e0, L_0x55f65583e180, C4<1>, C4<1>;
L_0x55f65583e5b0 .functor AND 1, L_0x55f65583e470, L_0x55f65583e510, C4<1>, C4<1>;
L_0x55f65583f160 .functor OR 1, L_0x55f65583e3d0, L_0x55f65583e5b0, C4<0>, C4<0>;
L_0x55f65583e8f0 .functor AND 1, L_0x55f65583e330, L_0x55f65583e850, C4<1>, C4<1>;
L_0x55f65583fc10 .functor AND 1, L_0x55f65583eff0, L_0x55f65583f090, C4<1>, C4<1>;
L_0x55f65583fde0 .functor OR 1, L_0x55f65583ef50, L_0x55f65583fc10, C4<0>, C4<0>;
L_0x55f65583f820 .functor AND 1, L_0x55f65583f2d0, L_0x55f65583f780, C4<1>, C4<1>;
v0x55f655812870_0 .net *"_s0", 0 0, L_0x55f65583b750;  1 drivers
v0x55f655812950_0 .net *"_s1", 0 0, L_0x55f65583b7f0;  1 drivers
v0x55f655812a30_0 .net *"_s10", 0 0, L_0x55f65583b5e0;  1 drivers
v0x55f655812af0_0 .net *"_s100", 0 0, L_0x55f65583f2d0;  1 drivers
v0x55f655812bd0_0 .net *"_s101", 0 0, L_0x55f65583f780;  1 drivers
v0x55f655812d00_0 .net *"_s102", 0 0, L_0x55f65583f820;  1 drivers
v0x55f655812de0_0 .net *"_s11", 0 0, L_0x55f65583b680;  1 drivers
v0x55f655812ec0_0 .net *"_s12", 0 0, L_0x55f65583c0d0;  1 drivers
v0x55f655812fa0_0 .net *"_s13", 0 0, L_0x55f65583c170;  1 drivers
v0x55f655813080_0 .net *"_s14", 0 0, L_0x55f65583b8e0;  1 drivers
v0x55f655813160_0 .net *"_s15", 0 0, L_0x55f65583b980;  1 drivers
v0x55f655813240_0 .net *"_s16", 0 0, L_0x55f65583ba20;  1 drivers
v0x55f655813320_0 .net *"_s17", 0 0, L_0x55f65583bac0;  1 drivers
v0x55f655813400_0 .net *"_s18", 0 0, L_0x55f65583bb60;  1 drivers
v0x55f6558134e0_0 .net *"_s19", 0 0, L_0x55f65583bc00;  1 drivers
v0x55f6558135c0_0 .net *"_s2", 0 0, L_0x55f65583afc0;  1 drivers
v0x55f6558136a0_0 .net *"_s21", 0 0, L_0x55f65583bc70;  1 drivers
v0x55f655813780_0 .net *"_s23", 0 0, L_0x55f65583bd80;  1 drivers
v0x55f655813860_0 .net *"_s24", 0 0, L_0x55f65583be20;  1 drivers
v0x55f655813940_0 .net *"_s25", 0 0, L_0x55f65583bec0;  1 drivers
v0x55f655813a20_0 .net *"_s27", 0 0, L_0x55f65583bfd0;  1 drivers
v0x55f655813b00_0 .net *"_s28", 0 0, L_0x55f65583ca50;  1 drivers
v0x55f655813be0_0 .net *"_s29", 0 0, L_0x55f65583caf0;  1 drivers
v0x55f655813cc0_0 .net *"_s3", 0 0, L_0x55f65583b060;  1 drivers
v0x55f655813da0_0 .net *"_s30", 0 0, L_0x55f65583c210;  1 drivers
v0x55f655813e80_0 .net *"_s32", 0 0, L_0x55f65583c320;  1 drivers
v0x55f655813f60_0 .net *"_s34", 0 0, L_0x55f65583c430;  1 drivers
v0x55f655814040_0 .net *"_s35", 0 0, L_0x55f65583c4d0;  1 drivers
v0x55f655814120_0 .net *"_s36", 0 0, L_0x55f65583c570;  1 drivers
v0x55f655814200_0 .net *"_s38", 0 0, L_0x55f65583c680;  1 drivers
v0x55f6558142e0_0 .net *"_s39", 0 0, L_0x55f65583c720;  1 drivers
v0x55f6558143c0_0 .net *"_s4", 0 0, L_0x55f65583b100;  1 drivers
v0x55f6558144a0_0 .net *"_s40", 0 0, L_0x55f65583c7c0;  1 drivers
v0x55f655814790_0 .net *"_s41", 0 0, L_0x55f65583c860;  1 drivers
v0x55f655814870_0 .net *"_s43", 0 0, L_0x55f65583c970;  1 drivers
v0x55f655814950_0 .net *"_s45", 0 0, L_0x55f65583d450;  1 drivers
v0x55f655814a30_0 .net *"_s46", 0 0, L_0x55f65583cb90;  1 drivers
v0x55f655814b10_0 .net *"_s47", 0 0, L_0x55f65583cc30;  1 drivers
v0x55f655814bf0_0 .net *"_s49", 0 0, L_0x55f65583cd40;  1 drivers
v0x55f655814cd0_0 .net *"_s5", 0 0, L_0x55f65583b230;  1 drivers
v0x55f655814db0_0 .net *"_s50", 0 0, L_0x55f65583cff0;  1 drivers
v0x55f655814e90_0 .net *"_s51", 0 0, L_0x55f65583d090;  1 drivers
v0x55f655814f70_0 .net *"_s52", 0 0, L_0x55f65583d130;  1 drivers
v0x55f655815050_0 .net *"_s54", 0 0, L_0x55f65583d2a0;  1 drivers
v0x55f655815130_0 .net *"_s56", 0 0, L_0x55f65583d360;  1 drivers
v0x55f655815210_0 .net *"_s57", 0 0, L_0x55f65583dd90;  1 drivers
v0x55f6558152f0_0 .net *"_s58", 0 0, L_0x55f65583d4f0;  1 drivers
v0x55f6558153d0_0 .net *"_s6", 0 0, L_0x55f65583b360;  1 drivers
v0x55f6558154b0_0 .net *"_s60", 0 0, L_0x55f65583d670;  1 drivers
v0x55f655815590_0 .net *"_s61", 0 0, L_0x55f65583d710;  1 drivers
v0x55f655815670_0 .net *"_s62", 0 0, L_0x55f65583d7b0;  1 drivers
v0x55f655815750_0 .net *"_s63", 0 0, L_0x55f65583d850;  1 drivers
v0x55f655815830_0 .net *"_s65", 0 0, L_0x55f65583d960;  1 drivers
v0x55f655815910_0 .net *"_s67", 0 0, L_0x55f65583daf0;  1 drivers
v0x55f6558159f0_0 .net *"_s68", 0 0, L_0x55f65583db90;  1 drivers
v0x55f655815ad0_0 .net *"_s69", 0 0, L_0x55f65583d600;  1 drivers
v0x55f655815bb0_0 .net *"_s7", 0 0, L_0x55f65583b400;  1 drivers
v0x55f655815c90_0 .net *"_s71", 0 0, L_0x55f65583dcd0;  1 drivers
v0x55f655815d70_0 .net *"_s72", 0 0, L_0x55f65583e710;  1 drivers
v0x55f655815e50_0 .net *"_s73", 0 0, L_0x55f65583e7b0;  1 drivers
v0x55f655815f30_0 .net *"_s74", 0 0, L_0x55f65583de30;  1 drivers
v0x55f655816010_0 .net *"_s76", 0 0, L_0x55f65583dfd0;  1 drivers
v0x55f6558160f0_0 .net *"_s78", 0 0, L_0x55f65583e0e0;  1 drivers
v0x55f6558161d0_0 .net *"_s79", 0 0, L_0x55f65583e180;  1 drivers
v0x55f6558162b0_0 .net *"_s8", 0 0, L_0x55f65583b4a0;  1 drivers
v0x55f6558167a0_0 .net *"_s80", 0 0, L_0x55f65583e220;  1 drivers
v0x55f655816880_0 .net *"_s82", 0 0, L_0x55f65583e3d0;  1 drivers
v0x55f655816960_0 .net *"_s83", 0 0, L_0x55f65583e470;  1 drivers
v0x55f655816a40_0 .net *"_s84", 0 0, L_0x55f65583e510;  1 drivers
v0x55f655816b20_0 .net *"_s85", 0 0, L_0x55f65583e5b0;  1 drivers
v0x55f655816c00_0 .net *"_s87", 0 0, L_0x55f65583f160;  1 drivers
v0x55f655816ce0_0 .net *"_s89", 0 0, L_0x55f65583e330;  1 drivers
v0x55f655816dc0_0 .net *"_s9", 0 0, L_0x55f65583b540;  1 drivers
v0x55f655816ea0_0 .net *"_s90", 0 0, L_0x55f65583e850;  1 drivers
v0x55f655816f80_0 .net *"_s91", 0 0, L_0x55f65583e8f0;  1 drivers
v0x55f655817060_0 .net *"_s93", 0 0, L_0x55f65583ef50;  1 drivers
v0x55f655817140_0 .net *"_s94", 0 0, L_0x55f65583eff0;  1 drivers
v0x55f655817220_0 .net *"_s95", 0 0, L_0x55f65583f090;  1 drivers
v0x55f655817300_0 .net *"_s96", 0 0, L_0x55f65583fc10;  1 drivers
v0x55f6558173e0_0 .net *"_s98", 0 0, L_0x55f65583fde0;  1 drivers
S_0x55f6558174c0 .scope generate, "genblk6[0]" "genblk6[0]" 3 117, 3 117 0, S_0x55f6557559c0;
 .timescale 0 0;
P_0x55f655817660 .param/l "i" 0 3 117, +C4<00>;
L_0x55f655840e00 .functor XOR 1, L_0x55f65583fa50, L_0x55f65583fb40, C4<0>, C4<0>;
v0x55f655817740_0 .net *"_s0", 0 0, L_0x55f65583fa50;  1 drivers
v0x55f655817820_0 .net *"_s1", 0 0, L_0x55f65583fb40;  1 drivers
v0x55f655817900_0 .net *"_s2", 0 0, L_0x55f655840e00;  1 drivers
S_0x55f6558179c0 .scope generate, "genblk6[1]" "genblk6[1]" 3 117, 3 117 0, S_0x55f6557559c0;
 .timescale 0 0;
P_0x55f655817bb0 .param/l "i" 0 3 117, +C4<01>;
L_0x55f655840490 .functor XOR 1, L_0x55f655840f10, L_0x55f655840fb0, C4<0>, C4<0>;
v0x55f655817c90_0 .net *"_s0", 0 0, L_0x55f655840f10;  1 drivers
v0x55f655817d70_0 .net *"_s1", 0 0, L_0x55f655840fb0;  1 drivers
v0x55f655817e50_0 .net *"_s2", 0 0, L_0x55f655840490;  1 drivers
S_0x55f655817f10 .scope generate, "genblk6[2]" "genblk6[2]" 3 117, 3 117 0, S_0x55f6557559c0;
 .timescale 0 0;
P_0x55f655818100 .param/l "i" 0 3 117, +C4<010>;
L_0x55f6558406e0 .functor XOR 1, L_0x55f6558405a0, L_0x55f655840640, C4<0>, C4<0>;
v0x55f6558181e0_0 .net *"_s0", 0 0, L_0x55f6558405a0;  1 drivers
v0x55f6558182c0_0 .net *"_s1", 0 0, L_0x55f655840640;  1 drivers
v0x55f6558183a0_0 .net *"_s2", 0 0, L_0x55f6558406e0;  1 drivers
S_0x55f655818490 .scope generate, "genblk6[3]" "genblk6[3]" 3 117, 3 117 0, S_0x55f6557559c0;
 .timescale 0 0;
P_0x55f655818680 .param/l "i" 0 3 117, +C4<011>;
L_0x55f6558408e0 .functor XOR 1, L_0x55f6558407a0, L_0x55f655840840, C4<0>, C4<0>;
v0x55f655818760_0 .net *"_s0", 0 0, L_0x55f6558407a0;  1 drivers
v0x55f655818840_0 .net *"_s1", 0 0, L_0x55f655840840;  1 drivers
v0x55f655818920_0 .net *"_s2", 0 0, L_0x55f6558408e0;  1 drivers
S_0x55f655818a10 .scope generate, "genblk6[4]" "genblk6[4]" 3 117, 3 117 0, S_0x55f6557559c0;
 .timescale 0 0;
P_0x55f655818c00 .param/l "i" 0 3 117, +C4<0100>;
L_0x55f655840b30 .functor XOR 1, L_0x55f6558409f0, L_0x55f655840a90, C4<0>, C4<0>;
v0x55f655818ce0_0 .net *"_s0", 0 0, L_0x55f6558409f0;  1 drivers
v0x55f655818dc0_0 .net *"_s1", 0 0, L_0x55f655840a90;  1 drivers
v0x55f655818ea0_0 .net *"_s2", 0 0, L_0x55f655840b30;  1 drivers
S_0x55f655818f90 .scope generate, "genblk6[5]" "genblk6[5]" 3 117, 3 117 0, S_0x55f6557559c0;
 .timescale 0 0;
P_0x55f655819180 .param/l "i" 0 3 117, +C4<0101>;
L_0x55f655840d80 .functor XOR 1, L_0x55f655840c40, L_0x55f655840ce0, C4<0>, C4<0>;
v0x55f655819260_0 .net *"_s0", 0 0, L_0x55f655840c40;  1 drivers
v0x55f655819340_0 .net *"_s1", 0 0, L_0x55f655840ce0;  1 drivers
v0x55f655819420_0 .net *"_s2", 0 0, L_0x55f655840d80;  1 drivers
S_0x55f655819510 .scope generate, "genblk6[6]" "genblk6[6]" 3 117, 3 117 0, S_0x55f6557559c0;
 .timescale 0 0;
P_0x55f655819700 .param/l "i" 0 3 117, +C4<0110>;
L_0x55f655841050 .functor XOR 1, L_0x55f655841ab0, L_0x55f655841b50, C4<0>, C4<0>;
v0x55f6558197e0_0 .net *"_s0", 0 0, L_0x55f655841ab0;  1 drivers
v0x55f6558198c0_0 .net *"_s1", 0 0, L_0x55f655841b50;  1 drivers
v0x55f6558199a0_0 .net *"_s2", 0 0, L_0x55f655841050;  1 drivers
S_0x55f655819a90 .scope generate, "genblk6[7]" "genblk6[7]" 3 117, 3 117 0, S_0x55f6557559c0;
 .timescale 0 0;
P_0x55f655819c80 .param/l "i" 0 3 117, +C4<0111>;
L_0x55f6558412a0 .functor XOR 1, L_0x55f655841160, L_0x55f655841200, C4<0>, C4<0>;
v0x55f655819d60_0 .net *"_s0", 0 0, L_0x55f655841160;  1 drivers
v0x55f655819e40_0 .net *"_s1", 0 0, L_0x55f655841200;  1 drivers
v0x55f655819f20_0 .net *"_s2", 0 0, L_0x55f6558412a0;  1 drivers
S_0x55f65581a010 .scope generate, "genblk6[8]" "genblk6[8]" 3 117, 3 117 0, S_0x55f6557559c0;
 .timescale 0 0;
P_0x55f65581a200 .param/l "i" 0 3 117, +C4<01000>;
L_0x55f6558414f0 .functor XOR 1, L_0x55f6558413b0, L_0x55f655841450, C4<0>, C4<0>;
v0x55f65581a2e0_0 .net *"_s0", 0 0, L_0x55f6558413b0;  1 drivers
v0x55f65581a3c0_0 .net *"_s1", 0 0, L_0x55f655841450;  1 drivers
v0x55f65581a4a0_0 .net *"_s2", 0 0, L_0x55f6558414f0;  1 drivers
S_0x55f65581a590 .scope generate, "genblk6[9]" "genblk6[9]" 3 117, 3 117 0, S_0x55f6557559c0;
 .timescale 0 0;
P_0x55f65581a780 .param/l "i" 0 3 117, +C4<01001>;
L_0x55f655841740 .functor XOR 1, L_0x55f655841600, L_0x55f6558416a0, C4<0>, C4<0>;
v0x55f65581a860_0 .net *"_s0", 0 0, L_0x55f655841600;  1 drivers
v0x55f65581a940_0 .net *"_s1", 0 0, L_0x55f6558416a0;  1 drivers
v0x55f65581aa20_0 .net *"_s2", 0 0, L_0x55f655841740;  1 drivers
S_0x55f65581ab10 .scope generate, "genblk6[10]" "genblk6[10]" 3 117, 3 117 0, S_0x55f6557559c0;
 .timescale 0 0;
P_0x55f65581ad00 .param/l "i" 0 3 117, +C4<01010>;
L_0x55f655841990 .functor XOR 1, L_0x55f655841850, L_0x55f6558418f0, C4<0>, C4<0>;
v0x55f65581ade0_0 .net *"_s0", 0 0, L_0x55f655841850;  1 drivers
v0x55f65581aec0_0 .net *"_s1", 0 0, L_0x55f6558418f0;  1 drivers
v0x55f65581afa0_0 .net *"_s2", 0 0, L_0x55f655841990;  1 drivers
S_0x55f65581b090 .scope generate, "genblk6[11]" "genblk6[11]" 3 117, 3 117 0, S_0x55f6557559c0;
 .timescale 0 0;
P_0x55f65581b280 .param/l "i" 0 3 117, +C4<01011>;
L_0x55f655841bf0 .functor XOR 1, L_0x55f6558426a0, L_0x55f655842740, C4<0>, C4<0>;
v0x55f65581b360_0 .net *"_s0", 0 0, L_0x55f6558426a0;  1 drivers
v0x55f65581b440_0 .net *"_s1", 0 0, L_0x55f655842740;  1 drivers
v0x55f65581b520_0 .net *"_s2", 0 0, L_0x55f655841bf0;  1 drivers
S_0x55f65581b610 .scope generate, "genblk6[12]" "genblk6[12]" 3 117, 3 117 0, S_0x55f6557559c0;
 .timescale 0 0;
P_0x55f65581b800 .param/l "i" 0 3 117, +C4<01100>;
L_0x55f655841e40 .functor XOR 1, L_0x55f655841d00, L_0x55f655841da0, C4<0>, C4<0>;
v0x55f65581b8e0_0 .net *"_s0", 0 0, L_0x55f655841d00;  1 drivers
v0x55f65581b9c0_0 .net *"_s1", 0 0, L_0x55f655841da0;  1 drivers
v0x55f65581baa0_0 .net *"_s2", 0 0, L_0x55f655841e40;  1 drivers
S_0x55f65581bb90 .scope generate, "genblk6[13]" "genblk6[13]" 3 117, 3 117 0, S_0x55f6557559c0;
 .timescale 0 0;
P_0x55f65581bd80 .param/l "i" 0 3 117, +C4<01101>;
L_0x55f655842090 .functor XOR 1, L_0x55f655841f50, L_0x55f655841ff0, C4<0>, C4<0>;
v0x55f65581be60_0 .net *"_s0", 0 0, L_0x55f655841f50;  1 drivers
v0x55f65581bf40_0 .net *"_s1", 0 0, L_0x55f655841ff0;  1 drivers
v0x55f65581c020_0 .net *"_s2", 0 0, L_0x55f655842090;  1 drivers
S_0x55f65581c110 .scope generate, "genblk6[14]" "genblk6[14]" 3 117, 3 117 0, S_0x55f6557559c0;
 .timescale 0 0;
P_0x55f65581c300 .param/l "i" 0 3 117, +C4<01110>;
L_0x55f6558422e0 .functor XOR 1, L_0x55f6558421a0, L_0x55f655842240, C4<0>, C4<0>;
v0x55f65581c3e0_0 .net *"_s0", 0 0, L_0x55f6558421a0;  1 drivers
v0x55f65581c4c0_0 .net *"_s1", 0 0, L_0x55f655842240;  1 drivers
v0x55f65581c5a0_0 .net *"_s2", 0 0, L_0x55f6558422e0;  1 drivers
    .scope S_0x55f655755840;
T_0 ;
    %pushi/vec4 1, 0, 1;
    %store/vec4 v0x55f65581d800_0, 0, 1;
    %pushi/vec4 55125, 0, 16;
    %store/vec4 v0x55f65581d650_0, 0, 16;
    %pushi/vec4 43754, 0, 16;
    %store/vec4 v0x55f65581d730_0, 0, 16;
    %delay 5, 0;
    %pushi/vec4 21845, 0, 16;
    %store/vec4 v0x55f65581d650_0, 0, 16;
    %pushi/vec4 43690, 0, 16;
    %store/vec4 v0x55f65581d730_0, 0, 16;
    %delay 5, 0;
    %pushi/vec4 7764, 0, 16;
    %store/vec4 v0x55f65581d650_0, 0, 16;
    %pushi/vec4 35725, 0, 16;
    %store/vec4 v0x55f65581d730_0, 0, 16;
    %delay 5, 0;
    %pushi/vec4 46301, 0, 16;
    %store/vec4 v0x55f65581d650_0, 0, 16;
    %pushi/vec4 43939, 0, 16;
    %store/vec4 v0x55f65581d730_0, 0, 16;
    %end;
    .thread T_0;
    .scope S_0x55f655755840;
T_1 ;
    %vpi_call 2 34 "$monitor", $time, "\011 A = %b, B = %b, cin = %b, cout = %b, sum = %b", v0x55f65581d650_0, v0x55f65581d730_0, v0x55f65581d800_0, v0x55f65581d900_0, v0x55f65581d9d0_0 {0 0 0};
    %vpi_call 2 35 "$dumpfile", "16bit_sklanskyadder.vcd" {0 0 0};
    %vpi_call 2 36 "$dumpvars" {0 0 0};
    %end;
    .thread T_1;
# The file index is used to find the file name in the following table.
:file_names 4;
    "N/A";
    "<interactive>";
    "16bit_sklanskyadder_tb.v";
    "./16bit_sklanskyadder.v";
