#! /usr/bin/vvp
:ivl_version "10.3 (stable)";
:ivl_delay_selection "TYPICAL";
:vpi_time_precision + 0;
:vpi_module "system";
:vpi_module "vhdl_sys";
:vpi_module "v2005_math";
:vpi_module "va_math";
S_0x55b25321dc50 .scope module, "top8" "top8" 2 3;
 .timescale 0 0;
v0x55b25324a550_0 .var "clk", 0 0;
v0x55b25324a610_0 .var "in", 7 0;
v0x55b25324a6d0_0 .var "leftshift", 0 0;
v0x55b25324a770_0 .net "out", 7 0, L_0x55b25324d6a0;  1 drivers
v0x55b25324a810_0 .var "rightshift", 0 0;
v0x55b25324a8b0_0 .var "sel", 1 0;
v0x55b25324a950_0 .var "sync_reset", 0 0;
S_0x55b253215b70 .scope module, "ebsr" "eight_bit_shiftregister" 2 14, 3 3 0, S_0x55b25321dc50;
 .timescale 0 0;
    .port_info 0 /OUTPUT 8 "out"
    .port_info 1 /INPUT 8 "in"
    .port_info 2 /INPUT 2 "sel"
    .port_info 3 /INPUT 1 "clk"
    .port_info 4 /INPUT 1 "sync_reset"
    .port_info 5 /INPUT 1 "rightshift"
    .port_info 6 /INPUT 1 "leftshift"
v0x55b253249f70_0 .net "clk", 0 0, v0x55b25324a550_0;  1 drivers
v0x55b25324a030_0 .net "in", 7 0, v0x55b25324a610_0;  1 drivers
v0x55b25324a110_0 .net "leftshift", 0 0, v0x55b25324a6d0_0;  1 drivers
v0x55b25324a1b0_0 .net "out", 7 0, L_0x55b25324d6a0;  alias, 1 drivers
v0x55b25324a270_0 .net "rightshift", 0 0, v0x55b25324a810_0;  1 drivers
v0x55b25324a310_0 .net "sel", 1 0, v0x55b25324a8b0_0;  1 drivers
v0x55b25324a3d0_0 .net "sync_reset", 0 0, v0x55b25324a950_0;  1 drivers
L_0x55b25324c0e0 .part v0x55b25324a610_0, 0, 4;
L_0x55b25324c180 .part L_0x55b25324d6a0, 4, 1;
L_0x55b25324d6a0 .concat8 [ 4 4 0 0], L_0x55b25324bd60, L_0x55b25324d320;
L_0x55b25324d860 .part v0x55b25324a610_0, 4, 4;
L_0x55b25324d930 .part L_0x55b25324d6a0, 3, 1;
S_0x55b25321d320 .scope module, "fbsr_1" "four_bit_shiftregister" 3 14, 4 3 0, S_0x55b253215b70;
 .timescale 0 0;
    .port_info 0 /OUTPUT 4 "out"
    .port_info 1 /INPUT 4 "in"
    .port_info 2 /INPUT 2 "sel"
    .port_info 3 /INPUT 1 "clk"
    .port_info 4 /INPUT 1 "sync_reset"
    .port_info 5 /INPUT 1 "rightshift"
    .port_info 6 /INPUT 1 "leftshift"
v0x55b2532413a0_0 .net "clk", 0 0, v0x55b25324a550_0;  alias, 1 drivers
v0x55b253241460_0 .net "in", 3 0, L_0x55b25324c0e0;  1 drivers
v0x55b253241540_0 .net "leftshift", 0 0, v0x55b25324a6d0_0;  alias, 1 drivers
v0x55b2532415e0_0 .net "out", 3 0, L_0x55b25324bd60;  1 drivers
v0x55b2532416a0_0 .net "rightshift", 0 0, L_0x55b25324c180;  1 drivers
v0x55b253241790_0 .net "sel", 1 0, v0x55b25324a8b0_0;  alias, 1 drivers
v0x55b253241850_0 .net "sync_reset", 0 0, v0x55b25324a950_0;  alias, 1 drivers
L_0x55b25324b410 .part L_0x55b25324c0e0, 0, 2;
L_0x55b25324b4b0 .part L_0x55b25324bd60, 2, 1;
L_0x55b25324bd60 .concat8 [ 2 2 0 0], L_0x55b25324b0c0, L_0x55b25324ba10;
L_0x55b25324bf70 .part L_0x55b25324c0e0, 2, 2;
L_0x55b25324c040 .part L_0x55b25324bd60, 1, 1;
S_0x55b253219320 .scope module, "tbsr_1" "two_bit_shiftregister" 4 14, 5 3 0, S_0x55b25321d320;
 .timescale 0 0;
    .port_info 0 /OUTPUT 2 "out"
    .port_info 1 /INPUT 2 "in"
    .port_info 2 /INPUT 2 "sel"
    .port_info 3 /INPUT 1 "clk"
    .port_info 4 /INPUT 1 "sync_reset"
    .port_info 5 /INPUT 1 "rightshift"
    .port_info 6 /INPUT 1 "leftshift"
v0x55b25323d1c0_0 .net "clk", 0 0, v0x55b25324a550_0;  alias, 1 drivers
v0x55b25323d280_0 .net "in", 1 0, L_0x55b25324b410;  1 drivers
v0x55b25323d360_0 .net "leftshift", 0 0, v0x55b25324a6d0_0;  alias, 1 drivers
v0x55b25323d400_0 .net "out", 1 0, L_0x55b25324b0c0;  1 drivers
v0x55b25323d4c0_0 .net "rightshift", 0 0, L_0x55b25324b4b0;  1 drivers
v0x55b25323d600_0 .net "sel", 1 0, v0x55b25324a8b0_0;  alias, 1 drivers
v0x55b25323d710_0 .net "sync_reset", 0 0, v0x55b25324a950_0;  alias, 1 drivers
L_0x55b25324ad40 .part L_0x55b25324b410, 0, 1;
L_0x55b25324ae30 .part L_0x55b25324b0c0, 1, 1;
L_0x55b25324b0c0 .concat8 [ 1 1 0 0], v0x55b253210ca0_0, v0x55b25323be00_0;
L_0x55b25324b1b0 .part L_0x55b25324b410, 1, 1;
L_0x55b25324b320 .part L_0x55b25324b0c0, 0, 1;
S_0x55b253218ee0 .scope module, "obsr_1" "one_bit_shiftregister" 5 14, 6 4 0, S_0x55b253219320;
 .timescale 0 0;
    .port_info 0 /OUTPUT 1 "out"
    .port_info 1 /INPUT 1 "in"
    .port_info 2 /INPUT 2 "sel"
    .port_info 3 /INPUT 1 "clk"
    .port_info 4 /INPUT 1 "sync_reset"
    .port_info 5 /INPUT 1 "rightshift"
    .port_info 6 /INPUT 1 "leftshift"
v0x55b25323b1b0_0 .net "clk", 0 0, v0x55b25324a550_0;  alias, 1 drivers
v0x55b25323b270_0 .net "in", 0 0, L_0x55b25324ad40;  1 drivers
v0x55b25323b340_0 .net "leftshift", 0 0, v0x55b25324a6d0_0;  alias, 1 drivers
v0x55b25323b440_0 .net "out", 0 0, v0x55b253210ca0_0;  1 drivers
v0x55b25323b530_0 .net "rightshift", 0 0, L_0x55b25324ae30;  1 drivers
v0x55b25323b620_0 .net "sel", 1 0, v0x55b25324a8b0_0;  alias, 1 drivers
v0x55b25323b6c0_0 .net "sync_reset", 0 0, v0x55b25324a950_0;  alias, 1 drivers
v0x55b25323b760_0 .net "w", 0 0, v0x55b25323ae40_0;  1 drivers
L_0x55b25324a9f0 .part v0x55b25324a8b0_0, 0, 1;
L_0x55b25324aca0 .part v0x55b25324a8b0_0, 1, 1;
S_0x55b25321c960 .scope module, "dff" "d_flip_flop" 6 19, 7 1 0, S_0x55b253218ee0;
 .timescale 0 0;
    .port_info 0 /INPUT 1 "D"
    .port_info 1 /INPUT 1 "clk"
    .port_info 2 /INPUT 1 "sync_reset"
    .port_info 3 /OUTPUT 1 "Q"
v0x55b253214480_0 .net "D", 0 0, v0x55b25323ae40_0;  alias, 1 drivers
v0x55b253210ca0_0 .var "Q", 0 0;
v0x55b25320c1a0_0 .net "clk", 0 0, v0x55b25324a550_0;  alias, 1 drivers
v0x55b2532089c0_0 .net "sync_reset", 0 0, v0x55b25324a950_0;  alias, 1 drivers
E_0x55b253220100 .event posedge, v0x55b25320c1a0_0;
S_0x55b25323aa40 .scope module, "mux" "four_to_one_multiplexer" 6 17, 8 1 0, S_0x55b253218ee0;
 .timescale 0 0;
    .port_info 0 /OUTPUT 1 "out"
    .port_info 1 /INPUT 1 "sel0"
    .port_info 2 /INPUT 1 "sel1"
    .port_info 3 /INPUT 1 "in0"
    .port_info 4 /INPUT 1 "in1"
    .port_info 5 /INPUT 1 "in2"
    .port_info 6 /INPUT 1 "in3"
v0x55b253204850_0 .net "in0", 0 0, v0x55b253210ca0_0;  alias, 1 drivers
v0x55b253221280_0 .net "in1", 0 0, L_0x55b25324ae30;  alias, 1 drivers
v0x55b253221320_0 .net "in2", 0 0, v0x55b25324a6d0_0;  alias, 1 drivers
v0x55b25323ad80_0 .net "in3", 0 0, L_0x55b25324ad40;  alias, 1 drivers
v0x55b25323ae40_0 .var "out", 0 0;
v0x55b25323af30_0 .net "sel0", 0 0, L_0x55b25324a9f0;  1 drivers
v0x55b25323afd0_0 .net "sel1", 0 0, L_0x55b25324aca0;  1 drivers
E_0x55b25323ace0/0 .event edge, v0x55b25323ad80_0, v0x55b253221320_0, v0x55b253221280_0, v0x55b253210ca0_0;
E_0x55b25323ace0/1 .event edge, v0x55b25323afd0_0, v0x55b25323af30_0;
E_0x55b25323ace0 .event/or E_0x55b25323ace0/0, E_0x55b25323ace0/1;
S_0x55b25323b8b0 .scope module, "obsr_2" "one_bit_shiftregister" 5 16, 6 4 0, S_0x55b253219320;
 .timescale 0 0;
    .port_info 0 /OUTPUT 1 "out"
    .port_info 1 /INPUT 1 "in"
    .port_info 2 /INPUT 2 "sel"
    .port_info 3 /INPUT 1 "clk"
    .port_info 4 /INPUT 1 "sync_reset"
    .port_info 5 /INPUT 1 "rightshift"
    .port_info 6 /INPUT 1 "leftshift"
v0x55b25323cac0_0 .net "clk", 0 0, v0x55b25324a550_0;  alias, 1 drivers
v0x55b25323cb80_0 .net "in", 0 0, L_0x55b25324b1b0;  1 drivers
v0x55b25323cc70_0 .net "leftshift", 0 0, L_0x55b25324b320;  1 drivers
v0x55b25323cd70_0 .net "out", 0 0, v0x55b25323be00_0;  1 drivers
v0x55b25323ce60_0 .net "rightshift", 0 0, L_0x55b25324b4b0;  alias, 1 drivers
v0x55b25323cf50_0 .net "sel", 1 0, v0x55b25324a8b0_0;  alias, 1 drivers
v0x55b25323cff0_0 .net "sync_reset", 0 0, v0x55b25324a950_0;  alias, 1 drivers
v0x55b25323d090_0 .net "w", 0 0, v0x55b25323c750_0;  1 drivers
L_0x55b25324af20 .part v0x55b25324a8b0_0, 0, 1;
L_0x55b25324aff0 .part v0x55b25324a8b0_0, 1, 1;
S_0x55b25323bb50 .scope module, "dff" "d_flip_flop" 6 19, 7 1 0, S_0x55b25323b8b0;
 .timescale 0 0;
    .port_info 0 /INPUT 1 "D"
    .port_info 1 /INPUT 1 "clk"
    .port_info 2 /INPUT 1 "sync_reset"
    .port_info 3 /OUTPUT 1 "Q"
v0x55b25323bd20_0 .net "D", 0 0, v0x55b25323c750_0;  alias, 1 drivers
v0x55b25323be00_0 .var "Q", 0 0;
v0x55b25323bec0_0 .net "clk", 0 0, v0x55b25324a550_0;  alias, 1 drivers
v0x55b25323bfe0_0 .net "sync_reset", 0 0, v0x55b25324a950_0;  alias, 1 drivers
S_0x55b25323c130 .scope module, "mux" "four_to_one_multiplexer" 6 17, 8 1 0, S_0x55b25323b8b0;
 .timescale 0 0;
    .port_info 0 /OUTPUT 1 "out"
    .port_info 1 /INPUT 1 "sel0"
    .port_info 2 /INPUT 1 "sel1"
    .port_info 3 /INPUT 1 "in0"
    .port_info 4 /INPUT 1 "in1"
    .port_info 5 /INPUT 1 "in2"
    .port_info 6 /INPUT 1 "in3"
v0x55b25323c490_0 .net "in0", 0 0, v0x55b25323be00_0;  alias, 1 drivers
v0x55b25323c550_0 .net "in1", 0 0, L_0x55b25324b4b0;  alias, 1 drivers
v0x55b25323c5f0_0 .net "in2", 0 0, L_0x55b25324b320;  alias, 1 drivers
v0x55b25323c690_0 .net "in3", 0 0, L_0x55b25324b1b0;  alias, 1 drivers
v0x55b25323c750_0 .var "out", 0 0;
v0x55b25323c840_0 .net "sel0", 0 0, L_0x55b25324af20;  1 drivers
v0x55b25323c8e0_0 .net "sel1", 0 0, L_0x55b25324aff0;  1 drivers
E_0x55b25323c410/0 .event edge, v0x55b25323c690_0, v0x55b25323c5f0_0, v0x55b25323c550_0, v0x55b25323be00_0;
E_0x55b25323c410/1 .event edge, v0x55b25323c8e0_0, v0x55b25323c840_0;
E_0x55b25323c410 .event/or E_0x55b25323c410/0, E_0x55b25323c410/1;
S_0x55b25323d890 .scope module, "tbsr_2" "two_bit_shiftregister" 4 16, 5 3 0, S_0x55b25321d320;
 .timescale 0 0;
    .port_info 0 /OUTPUT 2 "out"
    .port_info 1 /INPUT 2 "in"
    .port_info 2 /INPUT 2 "sel"
    .port_info 3 /INPUT 1 "clk"
    .port_info 4 /INPUT 1 "sync_reset"
    .port_info 5 /INPUT 1 "rightshift"
    .port_info 6 /INPUT 1 "leftshift"
v0x55b253240cd0_0 .net "clk", 0 0, v0x55b25324a550_0;  alias, 1 drivers
v0x55b253240d90_0 .net "in", 1 0, L_0x55b25324bf70;  1 drivers
v0x55b253240e70_0 .net "leftshift", 0 0, L_0x55b25324c040;  1 drivers
v0x55b253240f60_0 .net "out", 1 0, L_0x55b25324ba10;  1 drivers
v0x55b253241020_0 .net "rightshift", 0 0, L_0x55b25324c180;  alias, 1 drivers
v0x55b253241160_0 .net "sel", 1 0, v0x55b25324a8b0_0;  alias, 1 drivers
v0x55b253241220_0 .net "sync_reset", 0 0, v0x55b25324a950_0;  alias, 1 drivers
L_0x55b25324b690 .part L_0x55b25324bf70, 0, 1;
L_0x55b25324b780 .part L_0x55b25324ba10, 1, 1;
L_0x55b25324ba10 .concat8 [ 1 1 0 0], v0x55b25323e0e0_0, v0x55b25323f9b0_0;
L_0x55b25324bb00 .part L_0x55b25324bf70, 1, 1;
L_0x55b25324bc70 .part L_0x55b25324ba10, 0, 1;
S_0x55b25323dae0 .scope module, "obsr_1" "one_bit_shiftregister" 5 14, 6 4 0, S_0x55b25323d890;
 .timescale 0 0;
    .port_info 0 /OUTPUT 1 "out"
    .port_info 1 /INPUT 1 "in"
    .port_info 2 /INPUT 2 "sel"
    .port_info 3 /INPUT 1 "clk"
    .port_info 4 /INPUT 1 "sync_reset"
    .port_info 5 /INPUT 1 "rightshift"
    .port_info 6 /INPUT 1 "leftshift"
v0x55b25323ecd0_0 .net "clk", 0 0, v0x55b25324a550_0;  alias, 1 drivers
v0x55b25323ed90_0 .net "in", 0 0, L_0x55b25324b690;  1 drivers
v0x55b25323ee80_0 .net "leftshift", 0 0, L_0x55b25324c040;  alias, 1 drivers
v0x55b25323ef80_0 .net "out", 0 0, v0x55b25323e0e0_0;  1 drivers
v0x55b25323f070_0 .net "rightshift", 0 0, L_0x55b25324b780;  1 drivers
v0x55b25323f160_0 .net "sel", 1 0, v0x55b25324a8b0_0;  alias, 1 drivers
v0x55b25323f200_0 .net "sync_reset", 0 0, v0x55b25324a950_0;  alias, 1 drivers
v0x55b25323f2a0_0 .net "w", 0 0, v0x55b25323e960_0;  1 drivers
L_0x55b25324b550 .part v0x55b25324a8b0_0, 0, 1;
L_0x55b25324b5f0 .part v0x55b25324a8b0_0, 1, 1;
S_0x55b25323dda0 .scope module, "dff" "d_flip_flop" 6 19, 7 1 0, S_0x55b25323dae0;
 .timescale 0 0;
    .port_info 0 /INPUT 1 "D"
    .port_info 1 /INPUT 1 "clk"
    .port_info 2 /INPUT 1 "sync_reset"
    .port_info 3 /OUTPUT 1 "Q"
v0x55b25323e000_0 .net "D", 0 0, v0x55b25323e960_0;  alias, 1 drivers
v0x55b25323e0e0_0 .var "Q", 0 0;
v0x55b25323e1a0_0 .net "clk", 0 0, v0x55b25324a550_0;  alias, 1 drivers
v0x55b25323e240_0 .net "sync_reset", 0 0, v0x55b25324a950_0;  alias, 1 drivers
S_0x55b25323e340 .scope module, "mux" "four_to_one_multiplexer" 6 17, 8 1 0, S_0x55b25323dae0;
 .timescale 0 0;
    .port_info 0 /OUTPUT 1 "out"
    .port_info 1 /INPUT 1 "sel0"
    .port_info 2 /INPUT 1 "sel1"
    .port_info 3 /INPUT 1 "in0"
    .port_info 4 /INPUT 1 "in1"
    .port_info 5 /INPUT 1 "in2"
    .port_info 6 /INPUT 1 "in3"
v0x55b25323e6a0_0 .net "in0", 0 0, v0x55b25323e0e0_0;  alias, 1 drivers
v0x55b25323e760_0 .net "in1", 0 0, L_0x55b25324b780;  alias, 1 drivers
v0x55b25323e800_0 .net "in2", 0 0, L_0x55b25324c040;  alias, 1 drivers
v0x55b25323e8a0_0 .net "in3", 0 0, L_0x55b25324b690;  alias, 1 drivers
v0x55b25323e960_0 .var "out", 0 0;
v0x55b25323ea50_0 .net "sel0", 0 0, L_0x55b25324b550;  1 drivers
v0x55b25323eaf0_0 .net "sel1", 0 0, L_0x55b25324b5f0;  1 drivers
E_0x55b25323e620/0 .event edge, v0x55b25323e8a0_0, v0x55b25323e800_0, v0x55b25323e760_0, v0x55b25323e0e0_0;
E_0x55b25323e620/1 .event edge, v0x55b25323eaf0_0, v0x55b25323ea50_0;
E_0x55b25323e620 .event/or E_0x55b25323e620/0, E_0x55b25323e620/1;
S_0x55b25323f3f0 .scope module, "obsr_2" "one_bit_shiftregister" 5 16, 6 4 0, S_0x55b25323d890;
 .timescale 0 0;
    .port_info 0 /OUTPUT 1 "out"
    .port_info 1 /INPUT 1 "in"
    .port_info 2 /INPUT 2 "sel"
    .port_info 3 /INPUT 1 "clk"
    .port_info 4 /INPUT 1 "sync_reset"
    .port_info 5 /INPUT 1 "rightshift"
    .port_info 6 /INPUT 1 "leftshift"
v0x55b253240600_0 .net "clk", 0 0, v0x55b25324a550_0;  alias, 1 drivers
v0x55b2532406c0_0 .net "in", 0 0, L_0x55b25324bb00;  1 drivers
v0x55b2532407b0_0 .net "leftshift", 0 0, L_0x55b25324bc70;  1 drivers
v0x55b2532408b0_0 .net "out", 0 0, v0x55b25323f9b0_0;  1 drivers
v0x55b2532409a0_0 .net "rightshift", 0 0, L_0x55b25324c180;  alias, 1 drivers
v0x55b253240a90_0 .net "sel", 1 0, v0x55b25324a8b0_0;  alias, 1 drivers
v0x55b253240b30_0 .net "sync_reset", 0 0, v0x55b25324a950_0;  alias, 1 drivers
v0x55b253240bd0_0 .net "w", 0 0, v0x55b253240290_0;  1 drivers
L_0x55b25324b870 .part v0x55b25324a8b0_0, 0, 1;
L_0x55b25324b940 .part v0x55b25324a8b0_0, 1, 1;
S_0x55b25323f690 .scope module, "dff" "d_flip_flop" 6 19, 7 1 0, S_0x55b25323f3f0;
 .timescale 0 0;
    .port_info 0 /INPUT 1 "D"
    .port_info 1 /INPUT 1 "clk"
    .port_info 2 /INPUT 1 "sync_reset"
    .port_info 3 /OUTPUT 1 "Q"
v0x55b25323f8d0_0 .net "D", 0 0, v0x55b253240290_0;  alias, 1 drivers
v0x55b25323f9b0_0 .var "Q", 0 0;
v0x55b25323fa70_0 .net "clk", 0 0, v0x55b25324a550_0;  alias, 1 drivers
v0x55b25323fb10_0 .net "sync_reset", 0 0, v0x55b25324a950_0;  alias, 1 drivers
S_0x55b25323fc40 .scope module, "mux" "four_to_one_multiplexer" 6 17, 8 1 0, S_0x55b25323f3f0;
 .timescale 0 0;
    .port_info 0 /OUTPUT 1 "out"
    .port_info 1 /INPUT 1 "sel0"
    .port_info 2 /INPUT 1 "sel1"
    .port_info 3 /INPUT 1 "in0"
    .port_info 4 /INPUT 1 "in1"
    .port_info 5 /INPUT 1 "in2"
    .port_info 6 /INPUT 1 "in3"
v0x55b25323ffa0_0 .net "in0", 0 0, v0x55b25323f9b0_0;  alias, 1 drivers
v0x55b253240060_0 .net "in1", 0 0, L_0x55b25324c180;  alias, 1 drivers
v0x55b253240100_0 .net "in2", 0 0, L_0x55b25324bc70;  alias, 1 drivers
v0x55b2532401d0_0 .net "in3", 0 0, L_0x55b25324bb00;  alias, 1 drivers
v0x55b253240290_0 .var "out", 0 0;
v0x55b253240380_0 .net "sel0", 0 0, L_0x55b25324b870;  1 drivers
v0x55b253240420_0 .net "sel1", 0 0, L_0x55b25324b940;  1 drivers
E_0x55b25323ff20/0 .event edge, v0x55b2532401d0_0, v0x55b253240100_0, v0x55b253240060_0, v0x55b25323f9b0_0;
E_0x55b25323ff20/1 .event edge, v0x55b253240420_0, v0x55b253240380_0;
E_0x55b25323ff20 .event/or E_0x55b25323ff20/0, E_0x55b25323ff20/1;
S_0x55b2532419d0 .scope module, "fbsr_2" "four_bit_shiftregister" 3 16, 4 3 0, S_0x55b253215b70;
 .timescale 0 0;
    .port_info 0 /OUTPUT 4 "out"
    .port_info 1 /INPUT 4 "in"
    .port_info 2 /INPUT 2 "sel"
    .port_info 3 /INPUT 1 "clk"
    .port_info 4 /INPUT 1 "sync_reset"
    .port_info 5 /INPUT 1 "rightshift"
    .port_info 6 /INPUT 1 "leftshift"
v0x55b253249940_0 .net "clk", 0 0, v0x55b25324a550_0;  alias, 1 drivers
v0x55b253249a00_0 .net "in", 3 0, L_0x55b25324d860;  1 drivers
v0x55b253249ae0_0 .net "leftshift", 0 0, L_0x55b25324d930;  1 drivers
v0x55b253249b80_0 .net "out", 3 0, L_0x55b25324d320;  1 drivers
v0x55b253249c40_0 .net "rightshift", 0 0, v0x55b25324a810_0;  alias, 1 drivers
v0x55b253249d30_0 .net "sel", 1 0, v0x55b25324a8b0_0;  alias, 1 drivers
v0x55b253249df0_0 .net "sync_reset", 0 0, v0x55b25324a950_0;  alias, 1 drivers
L_0x55b25324ca30 .part L_0x55b25324d860, 0, 2;
L_0x55b25324cad0 .part L_0x55b25324d320, 2, 1;
L_0x55b25324d320 .concat8 [ 2 2 0 0], L_0x55b25324c710, L_0x55b25324cfd0;
L_0x55b25324d530 .part L_0x55b25324d860, 2, 2;
L_0x55b25324d600 .part L_0x55b25324d320, 1, 1;
S_0x55b253241c70 .scope module, "tbsr_1" "two_bit_shiftregister" 4 14, 5 3 0, S_0x55b2532419d0;
 .timescale 0 0;
    .port_info 0 /OUTPUT 2 "out"
    .port_info 1 /INPUT 2 "in"
    .port_info 2 /INPUT 2 "sel"
    .port_info 3 /INPUT 1 "clk"
    .port_info 4 /INPUT 1 "sync_reset"
    .port_info 5 /INPUT 1 "rightshift"
    .port_info 6 /INPUT 1 "leftshift"
v0x55b2532452a0_0 .net "clk", 0 0, v0x55b25324a550_0;  alias, 1 drivers
v0x55b253245360_0 .net "in", 1 0, L_0x55b25324ca30;  1 drivers
v0x55b253245440_0 .net "leftshift", 0 0, L_0x55b25324d930;  alias, 1 drivers
v0x55b253245530_0 .net "out", 1 0, L_0x55b25324c710;  1 drivers
v0x55b2532455f0_0 .net "rightshift", 0 0, L_0x55b25324cad0;  1 drivers
v0x55b253245730_0 .net "sel", 1 0, v0x55b25324a8b0_0;  alias, 1 drivers
v0x55b2532457f0_0 .net "sync_reset", 0 0, v0x55b25324a950_0;  alias, 1 drivers
L_0x55b25324c3f0 .part L_0x55b25324ca30, 0, 1;
L_0x55b25324c4e0 .part L_0x55b25324c710, 1, 1;
L_0x55b25324c710 .concat8 [ 1 1 0 0], v0x55b253242550_0, v0x55b253243e20_0;
L_0x55b25324c800 .part L_0x55b25324ca30, 1, 1;
L_0x55b25324c940 .part L_0x55b25324c710, 0, 1;
S_0x55b253241f30 .scope module, "obsr_1" "one_bit_shiftregister" 5 14, 6 4 0, S_0x55b253241c70;
 .timescale 0 0;
    .port_info 0 /OUTPUT 1 "out"
    .port_info 1 /INPUT 1 "in"
    .port_info 2 /INPUT 2 "sel"
    .port_info 3 /INPUT 1 "clk"
    .port_info 4 /INPUT 1 "sync_reset"
    .port_info 5 /INPUT 1 "rightshift"
    .port_info 6 /INPUT 1 "leftshift"
v0x55b253243140_0 .net "clk", 0 0, v0x55b25324a550_0;  alias, 1 drivers
v0x55b253243200_0 .net "in", 0 0, L_0x55b25324c3f0;  1 drivers
v0x55b2532432f0_0 .net "leftshift", 0 0, L_0x55b25324d930;  alias, 1 drivers
v0x55b2532433f0_0 .net "out", 0 0, v0x55b253242550_0;  1 drivers
v0x55b2532434e0_0 .net "rightshift", 0 0, L_0x55b25324c4e0;  1 drivers
v0x55b2532435d0_0 .net "sel", 1 0, v0x55b25324a8b0_0;  alias, 1 drivers
v0x55b253243670_0 .net "sync_reset", 0 0, v0x55b25324a950_0;  alias, 1 drivers
v0x55b253243710_0 .net "w", 0 0, v0x55b253242dd0_0;  1 drivers
L_0x55b25324c2b0 .part v0x55b25324a8b0_0, 0, 1;
L_0x55b25324c350 .part v0x55b25324a8b0_0, 1, 1;
S_0x55b253242210 .scope module, "dff" "d_flip_flop" 6 19, 7 1 0, S_0x55b253241f30;
 .timescale 0 0;
    .port_info 0 /INPUT 1 "D"
    .port_info 1 /INPUT 1 "clk"
    .port_info 2 /INPUT 1 "sync_reset"
    .port_info 3 /OUTPUT 1 "Q"
v0x55b253242470_0 .net "D", 0 0, v0x55b253242dd0_0;  alias, 1 drivers
v0x55b253242550_0 .var "Q", 0 0;
v0x55b253242610_0 .net "clk", 0 0, v0x55b25324a550_0;  alias, 1 drivers
v0x55b2532426b0_0 .net "sync_reset", 0 0, v0x55b25324a950_0;  alias, 1 drivers
S_0x55b2532427b0 .scope module, "mux" "four_to_one_multiplexer" 6 17, 8 1 0, S_0x55b253241f30;
 .timescale 0 0;
    .port_info 0 /OUTPUT 1 "out"
    .port_info 1 /INPUT 1 "sel0"
    .port_info 2 /INPUT 1 "sel1"
    .port_info 3 /INPUT 1 "in0"
    .port_info 4 /INPUT 1 "in1"
    .port_info 5 /INPUT 1 "in2"
    .port_info 6 /INPUT 1 "in3"
v0x55b253242b10_0 .net "in0", 0 0, v0x55b253242550_0;  alias, 1 drivers
v0x55b253242bd0_0 .net "in1", 0 0, L_0x55b25324c4e0;  alias, 1 drivers
v0x55b253242c70_0 .net "in2", 0 0, L_0x55b25324d930;  alias, 1 drivers
v0x55b253242d10_0 .net "in3", 0 0, L_0x55b25324c3f0;  alias, 1 drivers
v0x55b253242dd0_0 .var "out", 0 0;
v0x55b253242ec0_0 .net "sel0", 0 0, L_0x55b25324c2b0;  1 drivers
v0x55b253242f60_0 .net "sel1", 0 0, L_0x55b25324c350;  1 drivers
E_0x55b253242a90/0 .event edge, v0x55b253242d10_0, v0x55b253242c70_0, v0x55b253242bd0_0, v0x55b253242550_0;
E_0x55b253242a90/1 .event edge, v0x55b253242f60_0, v0x55b253242ec0_0;
E_0x55b253242a90 .event/or E_0x55b253242a90/0, E_0x55b253242a90/1;
S_0x55b253243860 .scope module, "obsr_2" "one_bit_shiftregister" 5 16, 6 4 0, S_0x55b253241c70;
 .timescale 0 0;
    .port_info 0 /OUTPUT 1 "out"
    .port_info 1 /INPUT 1 "in"
    .port_info 2 /INPUT 2 "sel"
    .port_info 3 /INPUT 1 "clk"
    .port_info 4 /INPUT 1 "sync_reset"
    .port_info 5 /INPUT 1 "rightshift"
    .port_info 6 /INPUT 1 "leftshift"
v0x55b253244a70_0 .net "clk", 0 0, v0x55b25324a550_0;  alias, 1 drivers
v0x55b253244b30_0 .net "in", 0 0, L_0x55b25324c800;  1 drivers
v0x55b253244c20_0 .net "leftshift", 0 0, L_0x55b25324c940;  1 drivers
v0x55b253244d20_0 .net "out", 0 0, v0x55b253243e20_0;  1 drivers
v0x55b253244e10_0 .net "rightshift", 0 0, L_0x55b25324cad0;  alias, 1 drivers
v0x55b253244f00_0 .net "sel", 1 0, v0x55b25324a8b0_0;  alias, 1 drivers
v0x55b2532450b0_0 .net "sync_reset", 0 0, v0x55b25324a950_0;  alias, 1 drivers
v0x55b253245150_0 .net "w", 0 0, v0x55b253244700_0;  1 drivers
L_0x55b25324c5d0 .part v0x55b25324a8b0_0, 0, 1;
L_0x55b25324c670 .part v0x55b25324a8b0_0, 1, 1;
S_0x55b253243b00 .scope module, "dff" "d_flip_flop" 6 19, 7 1 0, S_0x55b253243860;
 .timescale 0 0;
    .port_info 0 /INPUT 1 "D"
    .port_info 1 /INPUT 1 "clk"
    .port_info 2 /INPUT 1 "sync_reset"
    .port_info 3 /OUTPUT 1 "Q"
v0x55b253243d40_0 .net "D", 0 0, v0x55b253244700_0;  alias, 1 drivers
v0x55b253243e20_0 .var "Q", 0 0;
v0x55b253243ee0_0 .net "clk", 0 0, v0x55b25324a550_0;  alias, 1 drivers
v0x55b253243f80_0 .net "sync_reset", 0 0, v0x55b25324a950_0;  alias, 1 drivers
S_0x55b2532440b0 .scope module, "mux" "four_to_one_multiplexer" 6 17, 8 1 0, S_0x55b253243860;
 .timescale 0 0;
    .port_info 0 /OUTPUT 1 "out"
    .port_info 1 /INPUT 1 "sel0"
    .port_info 2 /INPUT 1 "sel1"
    .port_info 3 /INPUT 1 "in0"
    .port_info 4 /INPUT 1 "in1"
    .port_info 5 /INPUT 1 "in2"
    .port_info 6 /INPUT 1 "in3"
v0x55b253244410_0 .net "in0", 0 0, v0x55b253243e20_0;  alias, 1 drivers
v0x55b2532444d0_0 .net "in1", 0 0, L_0x55b25324cad0;  alias, 1 drivers
v0x55b253244570_0 .net "in2", 0 0, L_0x55b25324c940;  alias, 1 drivers
v0x55b253244640_0 .net "in3", 0 0, L_0x55b25324c800;  alias, 1 drivers
v0x55b253244700_0 .var "out", 0 0;
v0x55b2532447f0_0 .net "sel0", 0 0, L_0x55b25324c5d0;  1 drivers
v0x55b253244890_0 .net "sel1", 0 0, L_0x55b25324c670;  1 drivers
E_0x55b253244390/0 .event edge, v0x55b253244640_0, v0x55b253244570_0, v0x55b2532444d0_0, v0x55b253243e20_0;
E_0x55b253244390/1 .event edge, v0x55b253244890_0, v0x55b2532447f0_0;
E_0x55b253244390 .event/or E_0x55b253244390/0, E_0x55b253244390/1;
S_0x55b253245970 .scope module, "tbsr_2" "two_bit_shiftregister" 4 16, 5 3 0, S_0x55b2532419d0;
 .timescale 0 0;
    .port_info 0 /OUTPUT 2 "out"
    .port_info 1 /INPUT 2 "in"
    .port_info 2 /INPUT 2 "sel"
    .port_info 3 /INPUT 1 "clk"
    .port_info 4 /INPUT 1 "sync_reset"
    .port_info 5 /INPUT 1 "rightshift"
    .port_info 6 /INPUT 1 "leftshift"
v0x55b253249270_0 .net "clk", 0 0, v0x55b25324a550_0;  alias, 1 drivers
v0x55b253249330_0 .net "in", 1 0, L_0x55b25324d530;  1 drivers
v0x55b253249410_0 .net "leftshift", 0 0, L_0x55b25324d600;  1 drivers
v0x55b253249500_0 .net "out", 1 0, L_0x55b25324cfd0;  1 drivers
v0x55b2532495c0_0 .net "rightshift", 0 0, v0x55b25324a810_0;  alias, 1 drivers
v0x55b253249700_0 .net "sel", 1 0, v0x55b25324a8b0_0;  alias, 1 drivers
v0x55b2532497c0_0 .net "sync_reset", 0 0, v0x55b25324a950_0;  alias, 1 drivers
L_0x55b25324ccb0 .part L_0x55b25324d530, 0, 1;
L_0x55b25324cda0 .part L_0x55b25324cfd0, 1, 1;
L_0x55b25324cfd0 .concat8 [ 1 1 0 0], v0x55b253246210_0, v0x55b253247f00_0;
L_0x55b25324d0c0 .part L_0x55b25324d530, 1, 1;
L_0x55b25324d230 .part L_0x55b25324cfd0, 0, 1;
S_0x55b253245c10 .scope module, "obsr_1" "one_bit_shiftregister" 5 14, 6 4 0, S_0x55b253245970;
 .timescale 0 0;
    .port_info 0 /OUTPUT 1 "out"
    .port_info 1 /INPUT 1 "in"
    .port_info 2 /INPUT 2 "sel"
    .port_info 3 /INPUT 1 "clk"
    .port_info 4 /INPUT 1 "sync_reset"
    .port_info 5 /INPUT 1 "rightshift"
    .port_info 6 /INPUT 1 "leftshift"
v0x55b253247220_0 .net "clk", 0 0, v0x55b25324a550_0;  alias, 1 drivers
v0x55b2532472e0_0 .net "in", 0 0, L_0x55b25324ccb0;  1 drivers
v0x55b2532473d0_0 .net "leftshift", 0 0, L_0x55b25324d600;  alias, 1 drivers
v0x55b2532474d0_0 .net "out", 0 0, v0x55b253246210_0;  1 drivers
v0x55b2532475c0_0 .net "rightshift", 0 0, L_0x55b25324cda0;  1 drivers
v0x55b2532476b0_0 .net "sel", 1 0, v0x55b25324a8b0_0;  alias, 1 drivers
v0x55b253247750_0 .net "sync_reset", 0 0, v0x55b25324a950_0;  alias, 1 drivers
v0x55b2532477f0_0 .net "w", 0 0, v0x55b253246eb0_0;  1 drivers
L_0x55b25324cb70 .part v0x55b25324a8b0_0, 0, 1;
L_0x55b25324cc10 .part v0x55b25324a8b0_0, 1, 1;
S_0x55b253245ed0 .scope module, "dff" "d_flip_flop" 6 19, 7 1 0, S_0x55b253245c10;
 .timescale 0 0;
    .port_info 0 /INPUT 1 "D"
    .port_info 1 /INPUT 1 "clk"
    .port_info 2 /INPUT 1 "sync_reset"
    .port_info 3 /OUTPUT 1 "Q"
v0x55b253246130_0 .net "D", 0 0, v0x55b253246eb0_0;  alias, 1 drivers
v0x55b253246210_0 .var "Q", 0 0;
v0x55b2532462d0_0 .net "clk", 0 0, v0x55b25324a550_0;  alias, 1 drivers
v0x55b253246580_0 .net "sync_reset", 0 0, v0x55b25324a950_0;  alias, 1 drivers
S_0x55b253246890 .scope module, "mux" "four_to_one_multiplexer" 6 17, 8 1 0, S_0x55b253245c10;
 .timescale 0 0;
    .port_info 0 /OUTPUT 1 "out"
    .port_info 1 /INPUT 1 "sel0"
    .port_info 2 /INPUT 1 "sel1"
    .port_info 3 /INPUT 1 "in0"
    .port_info 4 /INPUT 1 "in1"
    .port_info 5 /INPUT 1 "in2"
    .port_info 6 /INPUT 1 "in3"
v0x55b253246bf0_0 .net "in0", 0 0, v0x55b253246210_0;  alias, 1 drivers
v0x55b253246cb0_0 .net "in1", 0 0, L_0x55b25324cda0;  alias, 1 drivers
v0x55b253246d50_0 .net "in2", 0 0, L_0x55b25324d600;  alias, 1 drivers
v0x55b253246df0_0 .net "in3", 0 0, L_0x55b25324ccb0;  alias, 1 drivers
v0x55b253246eb0_0 .var "out", 0 0;
v0x55b253246fa0_0 .net "sel0", 0 0, L_0x55b25324cb70;  1 drivers
v0x55b253247040_0 .net "sel1", 0 0, L_0x55b25324cc10;  1 drivers
E_0x55b253246b70/0 .event edge, v0x55b253246df0_0, v0x55b253246d50_0, v0x55b253246cb0_0, v0x55b253246210_0;
E_0x55b253246b70/1 .event edge, v0x55b253247040_0, v0x55b253246fa0_0;
E_0x55b253246b70 .event/or E_0x55b253246b70/0, E_0x55b253246b70/1;
S_0x55b253247940 .scope module, "obsr_2" "one_bit_shiftregister" 5 16, 6 4 0, S_0x55b253245970;
 .timescale 0 0;
    .port_info 0 /OUTPUT 1 "out"
    .port_info 1 /INPUT 1 "in"
    .port_info 2 /INPUT 2 "sel"
    .port_info 3 /INPUT 1 "clk"
    .port_info 4 /INPUT 1 "sync_reset"
    .port_info 5 /INPUT 1 "rightshift"
    .port_info 6 /INPUT 1 "leftshift"
v0x55b253248b50_0 .net "clk", 0 0, v0x55b25324a550_0;  alias, 1 drivers
v0x55b253248c10_0 .net "in", 0 0, L_0x55b25324d0c0;  1 drivers
v0x55b253248d00_0 .net "leftshift", 0 0, L_0x55b25324d230;  1 drivers
v0x55b253248e00_0 .net "out", 0 0, v0x55b253247f00_0;  1 drivers
v0x55b253248ef0_0 .net "rightshift", 0 0, v0x55b25324a810_0;  alias, 1 drivers
v0x55b253248fe0_0 .net "sel", 1 0, v0x55b25324a8b0_0;  alias, 1 drivers
v0x55b253249080_0 .net "sync_reset", 0 0, v0x55b25324a950_0;  alias, 1 drivers
v0x55b253249120_0 .net "w", 0 0, v0x55b2532487e0_0;  1 drivers
L_0x55b25324ce90 .part v0x55b25324a8b0_0, 0, 1;
L_0x55b25324cf30 .part v0x55b25324a8b0_0, 1, 1;
S_0x55b253247be0 .scope module, "dff" "d_flip_flop" 6 19, 7 1 0, S_0x55b253247940;
 .timescale 0 0;
    .port_info 0 /INPUT 1 "D"
    .port_info 1 /INPUT 1 "clk"
    .port_info 2 /INPUT 1 "sync_reset"
    .port_info 3 /OUTPUT 1 "Q"
v0x55b253247e20_0 .net "D", 0 0, v0x55b2532487e0_0;  alias, 1 drivers
v0x55b253247f00_0 .var "Q", 0 0;
v0x55b253247fc0_0 .net "clk", 0 0, v0x55b25324a550_0;  alias, 1 drivers
v0x55b253248060_0 .net "sync_reset", 0 0, v0x55b25324a950_0;  alias, 1 drivers
S_0x55b253248190 .scope module, "mux" "four_to_one_multiplexer" 6 17, 8 1 0, S_0x55b253247940;
 .timescale 0 0;
    .port_info 0 /OUTPUT 1 "out"
    .port_info 1 /INPUT 1 "sel0"
    .port_info 2 /INPUT 1 "sel1"
    .port_info 3 /INPUT 1 "in0"
    .port_info 4 /INPUT 1 "in1"
    .port_info 5 /INPUT 1 "in2"
    .port_info 6 /INPUT 1 "in3"
v0x55b2532484f0_0 .net "in0", 0 0, v0x55b253247f00_0;  alias, 1 drivers
v0x55b2532485b0_0 .net "in1", 0 0, v0x55b25324a810_0;  alias, 1 drivers
v0x55b253248650_0 .net "in2", 0 0, L_0x55b25324d230;  alias, 1 drivers
v0x55b253248720_0 .net "in3", 0 0, L_0x55b25324d0c0;  alias, 1 drivers
v0x55b2532487e0_0 .var "out", 0 0;
v0x55b2532488d0_0 .net "sel0", 0 0, L_0x55b25324ce90;  1 drivers
v0x55b253248970_0 .net "sel1", 0 0, L_0x55b25324cf30;  1 drivers
E_0x55b253248470/0 .event edge, v0x55b253248720_0, v0x55b253248650_0, v0x55b2532485b0_0, v0x55b253247f00_0;
E_0x55b253248470/1 .event edge, v0x55b253248970_0, v0x55b2532488d0_0;
E_0x55b253248470 .event/or E_0x55b253248470/0, E_0x55b253248470/1;
    .scope S_0x55b25323aa40;
T_0 ;
    %wait E_0x55b25323ace0;
    %load/vec4 v0x55b25323af30_0;
    %pad/u 32;
    %pushi/vec4 0, 0, 32;
    %cmp/e;
    %flag_get/vec4 4;
    %load/vec4 v0x55b25323afd0_0;
    %pad/u 32;
    %pushi/vec4 0, 0, 32;
    %cmp/e;
    %flag_get/vec4 4;
    %and;
    %flag_set/vec4 8;
    %jmp/0xz  T_0.0, 8;
    %load/vec4 v0x55b253204850_0;
    %store/vec4 v0x55b25323ae40_0, 0, 1;
    %jmp T_0.1;
T_0.0 ;
    %load/vec4 v0x55b25323af30_0;
    %pad/u 32;
    %pushi/vec4 0, 0, 32;
    %cmp/e;
    %flag_get/vec4 4;
    %load/vec4 v0x55b25323afd0_0;
    %pad/u 32;
    %pushi/vec4 1, 0, 32;
    %cmp/e;
    %flag_get/vec4 4;
    %and;
    %flag_set/vec4 8;
    %jmp/0xz  T_0.2, 8;
    %load/vec4 v0x55b253221280_0;
    %store/vec4 v0x55b25323ae40_0, 0, 1;
    %jmp T_0.3;
T_0.2 ;
    %load/vec4 v0x55b25323af30_0;
    %pad/u 32;
    %pushi/vec4 1, 0, 32;
    %cmp/e;
    %flag_get/vec4 4;
    %load/vec4 v0x55b25323afd0_0;
    %pad/u 32;
    %pushi/vec4 0, 0, 32;
    %cmp/e;
    %flag_get/vec4 4;
    %and;
    %flag_set/vec4 8;
    %jmp/0xz  T_0.4, 8;
    %load/vec4 v0x55b253221320_0;
    %store/vec4 v0x55b25323ae40_0, 0, 1;
    %jmp T_0.5;
T_0.4 ;
    %load/vec4 v0x55b25323af30_0;
    %pad/u 32;
    %pushi/vec4 1, 0, 32;
    %cmp/e;
    %flag_get/vec4 4;
    %load/vec4 v0x55b25323afd0_0;
    %pad/u 32;
    %pushi/vec4 1, 0, 32;
    %cmp/e;
    %flag_get/vec4 4;
    %and;
    %flag_set/vec4 8;
    %jmp/0xz  T_0.6, 8;
    %load/vec4 v0x55b25323ad80_0;
    %store/vec4 v0x55b25323ae40_0, 0, 1;
T_0.6 ;
T_0.5 ;
T_0.3 ;
T_0.1 ;
    %jmp T_0;
    .thread T_0, $push;
    .scope S_0x55b25321c960;
T_1 ;
    %wait E_0x55b253220100;
    %load/vec4 v0x55b2532089c0_0;
    %cmpi/e 1, 0, 1;
    %jmp/0xz  T_1.0, 4;
    %pushi/vec4 0, 0, 1;
    %assign/vec4 v0x55b253210ca0_0, 0;
    %jmp T_1.1;
T_1.0 ;
    %load/vec4 v0x55b253214480_0;
    %assign/vec4 v0x55b253210ca0_0, 0;
T_1.1 ;
    %jmp T_1;
    .thread T_1;
    .scope S_0x55b25323c130;
T_2 ;
    %wait E_0x55b25323c410;
    %load/vec4 v0x55b25323c840_0;
    %pad/u 32;
    %pushi/vec4 0, 0, 32;
    %cmp/e;
    %flag_get/vec4 4;
    %load/vec4 v0x55b25323c8e0_0;
    %pad/u 32;
    %pushi/vec4 0, 0, 32;
    %cmp/e;
    %flag_get/vec4 4;
    %and;
    %flag_set/vec4 8;
    %jmp/0xz  T_2.0, 8;
    %load/vec4 v0x55b25323c490_0;
    %store/vec4 v0x55b25323c750_0, 0, 1;
    %jmp T_2.1;
T_2.0 ;
    %load/vec4 v0x55b25323c840_0;
    %pad/u 32;
    %pushi/vec4 0, 0, 32;
    %cmp/e;
    %flag_get/vec4 4;
    %load/vec4 v0x55b25323c8e0_0;
    %pad/u 32;
    %pushi/vec4 1, 0, 32;
    %cmp/e;
    %flag_get/vec4 4;
    %and;
    %flag_set/vec4 8;
    %jmp/0xz  T_2.2, 8;
    %load/vec4 v0x55b25323c550_0;
    %store/vec4 v0x55b25323c750_0, 0, 1;
    %jmp T_2.3;
T_2.2 ;
    %load/vec4 v0x55b25323c840_0;
    %pad/u 32;
    %pushi/vec4 1, 0, 32;
    %cmp/e;
    %flag_get/vec4 4;
    %load/vec4 v0x55b25323c8e0_0;
    %pad/u 32;
    %pushi/vec4 0, 0, 32;
    %cmp/e;
    %flag_get/vec4 4;
    %and;
    %flag_set/vec4 8;
    %jmp/0xz  T_2.4, 8;
    %load/vec4 v0x55b25323c5f0_0;
    %store/vec4 v0x55b25323c750_0, 0, 1;
    %jmp T_2.5;
T_2.4 ;
    %load/vec4 v0x55b25323c840_0;
    %pad/u 32;
    %pushi/vec4 1, 0, 32;
    %cmp/e;
    %flag_get/vec4 4;
    %load/vec4 v0x55b25323c8e0_0;
    %pad/u 32;
    %pushi/vec4 1, 0, 32;
    %cmp/e;
    %flag_get/vec4 4;
    %and;
    %flag_set/vec4 8;
    %jmp/0xz  T_2.6, 8;
    %load/vec4 v0x55b25323c690_0;
    %store/vec4 v0x55b25323c750_0, 0, 1;
T_2.6 ;
T_2.5 ;
T_2.3 ;
T_2.1 ;
    %jmp T_2;
    .thread T_2, $push;
    .scope S_0x55b25323bb50;
T_3 ;
    %wait E_0x55b253220100;
    %load/vec4 v0x55b25323bfe0_0;
    %cmpi/e 1, 0, 1;
    %jmp/0xz  T_3.0, 4;
    %pushi/vec4 0, 0, 1;
    %assign/vec4 v0x55b25323be00_0, 0;
    %jmp T_3.1;
T_3.0 ;
    %load/vec4 v0x55b25323bd20_0;
    %assign/vec4 v0x55b25323be00_0, 0;
T_3.1 ;
    %jmp T_3;
    .thread T_3;
    .scope S_0x55b25323e340;
T_4 ;
    %wait E_0x55b25323e620;
    %load/vec4 v0x55b25323ea50_0;
    %pad/u 32;
    %pushi/vec4 0, 0, 32;
    %cmp/e;
    %flag_get/vec4 4;
    %load/vec4 v0x55b25323eaf0_0;
    %pad/u 32;
    %pushi/vec4 0, 0, 32;
    %cmp/e;
    %flag_get/vec4 4;
    %and;
    %flag_set/vec4 8;
    %jmp/0xz  T_4.0, 8;
    %load/vec4 v0x55b25323e6a0_0;
    %store/vec4 v0x55b25323e960_0, 0, 1;
    %jmp T_4.1;
T_4.0 ;
    %load/vec4 v0x55b25323ea50_0;
    %pad/u 32;
    %pushi/vec4 0, 0, 32;
    %cmp/e;
    %flag_get/vec4 4;
    %load/vec4 v0x55b25323eaf0_0;
    %pad/u 32;
    %pushi/vec4 1, 0, 32;
    %cmp/e;
    %flag_get/vec4 4;
    %and;
    %flag_set/vec4 8;
    %jmp/0xz  T_4.2, 8;
    %load/vec4 v0x55b25323e760_0;
    %store/vec4 v0x55b25323e960_0, 0, 1;
    %jmp T_4.3;
T_4.2 ;
    %load/vec4 v0x55b25323ea50_0;
    %pad/u 32;
    %pushi/vec4 1, 0, 32;
    %cmp/e;
    %flag_get/vec4 4;
    %load/vec4 v0x55b25323eaf0_0;
    %pad/u 32;
    %pushi/vec4 0, 0, 32;
    %cmp/e;
    %flag_get/vec4 4;
    %and;
    %flag_set/vec4 8;
    %jmp/0xz  T_4.4, 8;
    %load/vec4 v0x55b25323e800_0;
    %store/vec4 v0x55b25323e960_0, 0, 1;
    %jmp T_4.5;
T_4.4 ;
    %load/vec4 v0x55b25323ea50_0;
    %pad/u 32;
    %pushi/vec4 1, 0, 32;
    %cmp/e;
    %flag_get/vec4 4;
    %load/vec4 v0x55b25323eaf0_0;
    %pad/u 32;
    %pushi/vec4 1, 0, 32;
    %cmp/e;
    %flag_get/vec4 4;
    %and;
    %flag_set/vec4 8;
    %jmp/0xz  T_4.6, 8;
    %load/vec4 v0x55b25323e8a0_0;
    %store/vec4 v0x55b25323e960_0, 0, 1;
T_4.6 ;
T_4.5 ;
T_4.3 ;
T_4.1 ;
    %jmp T_4;
    .thread T_4, $push;
    .scope S_0x55b25323dda0;
T_5 ;
    %wait E_0x55b253220100;
    %load/vec4 v0x55b25323e240_0;
    %cmpi/e 1, 0, 1;
    %jmp/0xz  T_5.0, 4;
    %pushi/vec4 0, 0, 1;
    %assign/vec4 v0x55b25323e0e0_0, 0;
    %jmp T_5.1;
T_5.0 ;
    %load/vec4 v0x55b25323e000_0;
    %assign/vec4 v0x55b25323e0e0_0, 0;
T_5.1 ;
    %jmp T_5;
    .thread T_5;
    .scope S_0x55b25323fc40;
T_6 ;
    %wait E_0x55b25323ff20;
    %load/vec4 v0x55b253240380_0;
    %pad/u 32;
    %pushi/vec4 0, 0, 32;
    %cmp/e;
    %flag_get/vec4 4;
    %load/vec4 v0x55b253240420_0;
    %pad/u 32;
    %pushi/vec4 0, 0, 32;
    %cmp/e;
    %flag_get/vec4 4;
    %and;
    %flag_set/vec4 8;
    %jmp/0xz  T_6.0, 8;
    %load/vec4 v0x55b25323ffa0_0;
    %store/vec4 v0x55b253240290_0, 0, 1;
    %jmp T_6.1;
T_6.0 ;
    %load/vec4 v0x55b253240380_0;
    %pad/u 32;
    %pushi/vec4 0, 0, 32;
    %cmp/e;
    %flag_get/vec4 4;
    %load/vec4 v0x55b253240420_0;
    %pad/u 32;
    %pushi/vec4 1, 0, 32;
    %cmp/e;
    %flag_get/vec4 4;
    %and;
    %flag_set/vec4 8;
    %jmp/0xz  T_6.2, 8;
    %load/vec4 v0x55b253240060_0;
    %store/vec4 v0x55b253240290_0, 0, 1;
    %jmp T_6.3;
T_6.2 ;
    %load/vec4 v0x55b253240380_0;
    %pad/u 32;
    %pushi/vec4 1, 0, 32;
    %cmp/e;
    %flag_get/vec4 4;
    %load/vec4 v0x55b253240420_0;
    %pad/u 32;
    %pushi/vec4 0, 0, 32;
    %cmp/e;
    %flag_get/vec4 4;
    %and;
    %flag_set/vec4 8;
    %jmp/0xz  T_6.4, 8;
    %load/vec4 v0x55b253240100_0;
    %store/vec4 v0x55b253240290_0, 0, 1;
    %jmp T_6.5;
T_6.4 ;
    %load/vec4 v0x55b253240380_0;
    %pad/u 32;
    %pushi/vec4 1, 0, 32;
    %cmp/e;
    %flag_get/vec4 4;
    %load/vec4 v0x55b253240420_0;
    %pad/u 32;
    %pushi/vec4 1, 0, 32;
    %cmp/e;
    %flag_get/vec4 4;
    %and;
    %flag_set/vec4 8;
    %jmp/0xz  T_6.6, 8;
    %load/vec4 v0x55b2532401d0_0;
    %store/vec4 v0x55b253240290_0, 0, 1;
T_6.6 ;
T_6.5 ;
T_6.3 ;
T_6.1 ;
    %jmp T_6;
    .thread T_6, $push;
    .scope S_0x55b25323f690;
T_7 ;
    %wait E_0x55b253220100;
    %load/vec4 v0x55b25323fb10_0;
    %cmpi/e 1, 0, 1;
    %jmp/0xz  T_7.0, 4;
    %pushi/vec4 0, 0, 1;
    %assign/vec4 v0x55b25323f9b0_0, 0;
    %jmp T_7.1;
T_7.0 ;
    %load/vec4 v0x55b25323f8d0_0;
    %assign/vec4 v0x55b25323f9b0_0, 0;
T_7.1 ;
    %jmp T_7;
    .thread T_7;
    .scope S_0x55b2532427b0;
T_8 ;
    %wait E_0x55b253242a90;
    %load/vec4 v0x55b253242ec0_0;
    %pad/u 32;
    %pushi/vec4 0, 0, 32;
    %cmp/e;
    %flag_get/vec4 4;
    %load/vec4 v0x55b253242f60_0;
    %pad/u 32;
    %pushi/vec4 0, 0, 32;
    %cmp/e;
    %flag_get/vec4 4;
    %and;
    %flag_set/vec4 8;
    %jmp/0xz  T_8.0, 8;
    %load/vec4 v0x55b253242b10_0;
    %store/vec4 v0x55b253242dd0_0, 0, 1;
    %jmp T_8.1;
T_8.0 ;
    %load/vec4 v0x55b253242ec0_0;
    %pad/u 32;
    %pushi/vec4 0, 0, 32;
    %cmp/e;
    %flag_get/vec4 4;
    %load/vec4 v0x55b253242f60_0;
    %pad/u 32;
    %pushi/vec4 1, 0, 32;
    %cmp/e;
    %flag_get/vec4 4;
    %and;
    %flag_set/vec4 8;
    %jmp/0xz  T_8.2, 8;
    %load/vec4 v0x55b253242bd0_0;
    %store/vec4 v0x55b253242dd0_0, 0, 1;
    %jmp T_8.3;
T_8.2 ;
    %load/vec4 v0x55b253242ec0_0;
    %pad/u 32;
    %pushi/vec4 1, 0, 32;
    %cmp/e;
    %flag_get/vec4 4;
    %load/vec4 v0x55b253242f60_0;
    %pad/u 32;
    %pushi/vec4 0, 0, 32;
    %cmp/e;
    %flag_get/vec4 4;
    %and;
    %flag_set/vec4 8;
    %jmp/0xz  T_8.4, 8;
    %load/vec4 v0x55b253242c70_0;
    %store/vec4 v0x55b253242dd0_0, 0, 1;
    %jmp T_8.5;
T_8.4 ;
    %load/vec4 v0x55b253242ec0_0;
    %pad/u 32;
    %pushi/vec4 1, 0, 32;
    %cmp/e;
    %flag_get/vec4 4;
    %load/vec4 v0x55b253242f60_0;
    %pad/u 32;
    %pushi/vec4 1, 0, 32;
    %cmp/e;
    %flag_get/vec4 4;
    %and;
    %flag_set/vec4 8;
    %jmp/0xz  T_8.6, 8;
    %load/vec4 v0x55b253242d10_0;
    %store/vec4 v0x55b253242dd0_0, 0, 1;
T_8.6 ;
T_8.5 ;
T_8.3 ;
T_8.1 ;
    %jmp T_8;
    .thread T_8, $push;
    .scope S_0x55b253242210;
T_9 ;
    %wait E_0x55b253220100;
    %load/vec4 v0x55b2532426b0_0;
    %cmpi/e 1, 0, 1;
    %jmp/0xz  T_9.0, 4;
    %pushi/vec4 0, 0, 1;
    %assign/vec4 v0x55b253242550_0, 0;
    %jmp T_9.1;
T_9.0 ;
    %load/vec4 v0x55b253242470_0;
    %assign/vec4 v0x55b253242550_0, 0;
T_9.1 ;
    %jmp T_9;
    .thread T_9;
    .scope S_0x55b2532440b0;
T_10 ;
    %wait E_0x55b253244390;
    %load/vec4 v0x55b2532447f0_0;
    %pad/u 32;
    %pushi/vec4 0, 0, 32;
    %cmp/e;
    %flag_get/vec4 4;
    %load/vec4 v0x55b253244890_0;
    %pad/u 32;
    %pushi/vec4 0, 0, 32;
    %cmp/e;
    %flag_get/vec4 4;
    %and;
    %flag_set/vec4 8;
    %jmp/0xz  T_10.0, 8;
    %load/vec4 v0x55b253244410_0;
    %store/vec4 v0x55b253244700_0, 0, 1;
    %jmp T_10.1;
T_10.0 ;
    %load/vec4 v0x55b2532447f0_0;
    %pad/u 32;
    %pushi/vec4 0, 0, 32;
    %cmp/e;
    %flag_get/vec4 4;
    %load/vec4 v0x55b253244890_0;
    %pad/u 32;
    %pushi/vec4 1, 0, 32;
    %cmp/e;
    %flag_get/vec4 4;
    %and;
    %flag_set/vec4 8;
    %jmp/0xz  T_10.2, 8;
    %load/vec4 v0x55b2532444d0_0;
    %store/vec4 v0x55b253244700_0, 0, 1;
    %jmp T_10.3;
T_10.2 ;
    %load/vec4 v0x55b2532447f0_0;
    %pad/u 32;
    %pushi/vec4 1, 0, 32;
    %cmp/e;
    %flag_get/vec4 4;
    %load/vec4 v0x55b253244890_0;
    %pad/u 32;
    %pushi/vec4 0, 0, 32;
    %cmp/e;
    %flag_get/vec4 4;
    %and;
    %flag_set/vec4 8;
    %jmp/0xz  T_10.4, 8;
    %load/vec4 v0x55b253244570_0;
    %store/vec4 v0x55b253244700_0, 0, 1;
    %jmp T_10.5;
T_10.4 ;
    %load/vec4 v0x55b2532447f0_0;
    %pad/u 32;
    %pushi/vec4 1, 0, 32;
    %cmp/e;
    %flag_get/vec4 4;
    %load/vec4 v0x55b253244890_0;
    %pad/u 32;
    %pushi/vec4 1, 0, 32;
    %cmp/e;
    %flag_get/vec4 4;
    %and;
    %flag_set/vec4 8;
    %jmp/0xz  T_10.6, 8;
    %load/vec4 v0x55b253244640_0;
    %store/vec4 v0x55b253244700_0, 0, 1;
T_10.6 ;
T_10.5 ;
T_10.3 ;
T_10.1 ;
    %jmp T_10;
    .thread T_10, $push;
    .scope S_0x55b253243b00;
T_11 ;
    %wait E_0x55b253220100;
    %load/vec4 v0x55b253243f80_0;
    %cmpi/e 1, 0, 1;
    %jmp/0xz  T_11.0, 4;
    %pushi/vec4 0, 0, 1;
    %assign/vec4 v0x55b253243e20_0, 0;
    %jmp T_11.1;
T_11.0 ;
    %load/vec4 v0x55b253243d40_0;
    %assign/vec4 v0x55b253243e20_0, 0;
T_11.1 ;
    %jmp T_11;
    .thread T_11;
    .scope S_0x55b253246890;
T_12 ;
    %wait E_0x55b253246b70;
    %load/vec4 v0x55b253246fa0_0;
    %pad/u 32;
    %pushi/vec4 0, 0, 32;
    %cmp/e;
    %flag_get/vec4 4;
    %load/vec4 v0x55b253247040_0;
    %pad/u 32;
    %pushi/vec4 0, 0, 32;
    %cmp/e;
    %flag_get/vec4 4;
    %and;
    %flag_set/vec4 8;
    %jmp/0xz  T_12.0, 8;
    %load/vec4 v0x55b253246bf0_0;
    %store/vec4 v0x55b253246eb0_0, 0, 1;
    %jmp T_12.1;
T_12.0 ;
    %load/vec4 v0x55b253246fa0_0;
    %pad/u 32;
    %pushi/vec4 0, 0, 32;
    %cmp/e;
    %flag_get/vec4 4;
    %load/vec4 v0x55b253247040_0;
    %pad/u 32;
    %pushi/vec4 1, 0, 32;
    %cmp/e;
    %flag_get/vec4 4;
    %and;
    %flag_set/vec4 8;
    %jmp/0xz  T_12.2, 8;
    %load/vec4 v0x55b253246cb0_0;
    %store/vec4 v0x55b253246eb0_0, 0, 1;
    %jmp T_12.3;
T_12.2 ;
    %load/vec4 v0x55b253246fa0_0;
    %pad/u 32;
    %pushi/vec4 1, 0, 32;
    %cmp/e;
    %flag_get/vec4 4;
    %load/vec4 v0x55b253247040_0;
    %pad/u 32;
    %pushi/vec4 0, 0, 32;
    %cmp/e;
    %flag_get/vec4 4;
    %and;
    %flag_set/vec4 8;
    %jmp/0xz  T_12.4, 8;
    %load/vec4 v0x55b253246d50_0;
    %store/vec4 v0x55b253246eb0_0, 0, 1;
    %jmp T_12.5;
T_12.4 ;
    %load/vec4 v0x55b253246fa0_0;
    %pad/u 32;
    %pushi/vec4 1, 0, 32;
    %cmp/e;
    %flag_get/vec4 4;
    %load/vec4 v0x55b253247040_0;
    %pad/u 32;
    %pushi/vec4 1, 0, 32;
    %cmp/e;
    %flag_get/vec4 4;
    %and;
    %flag_set/vec4 8;
    %jmp/0xz  T_12.6, 8;
    %load/vec4 v0x55b253246df0_0;
    %store/vec4 v0x55b253246eb0_0, 0, 1;
T_12.6 ;
T_12.5 ;
T_12.3 ;
T_12.1 ;
    %jmp T_12;
    .thread T_12, $push;
    .scope S_0x55b253245ed0;
T_13 ;
    %wait E_0x55b253220100;
    %load/vec4 v0x55b253246580_0;
    %cmpi/e 1, 0, 1;
    %jmp/0xz  T_13.0, 4;
    %pushi/vec4 0, 0, 1;
    %assign/vec4 v0x55b253246210_0, 0;
    %jmp T_13.1;
T_13.0 ;
    %load/vec4 v0x55b253246130_0;
    %assign/vec4 v0x55b253246210_0, 0;
T_13.1 ;
    %jmp T_13;
    .thread T_13;
    .scope S_0x55b253248190;
T_14 ;
    %wait E_0x55b253248470;
    %load/vec4 v0x55b2532488d0_0;
    %pad/u 32;
    %pushi/vec4 0, 0, 32;
    %cmp/e;
    %flag_get/vec4 4;
    %load/vec4 v0x55b253248970_0;
    %pad/u 32;
    %pushi/vec4 0, 0, 32;
    %cmp/e;
    %flag_get/vec4 4;
    %and;
    %flag_set/vec4 8;
    %jmp/0xz  T_14.0, 8;
    %load/vec4 v0x55b2532484f0_0;
    %store/vec4 v0x55b2532487e0_0, 0, 1;
    %jmp T_14.1;
T_14.0 ;
    %load/vec4 v0x55b2532488d0_0;
    %pad/u 32;
    %pushi/vec4 0, 0, 32;
    %cmp/e;
    %flag_get/vec4 4;
    %load/vec4 v0x55b253248970_0;
    %pad/u 32;
    %pushi/vec4 1, 0, 32;
    %cmp/e;
    %flag_get/vec4 4;
    %and;
    %flag_set/vec4 8;
    %jmp/0xz  T_14.2, 8;
    %load/vec4 v0x55b2532485b0_0;
    %store/vec4 v0x55b2532487e0_0, 0, 1;
    %jmp T_14.3;
T_14.2 ;
    %load/vec4 v0x55b2532488d0_0;
    %pad/u 32;
    %pushi/vec4 1, 0, 32;
    %cmp/e;
    %flag_get/vec4 4;
    %load/vec4 v0x55b253248970_0;
    %pad/u 32;
    %pushi/vec4 0, 0, 32;
    %cmp/e;
    %flag_get/vec4 4;
    %and;
    %flag_set/vec4 8;
    %jmp/0xz  T_14.4, 8;
    %load/vec4 v0x55b253248650_0;
    %store/vec4 v0x55b2532487e0_0, 0, 1;
    %jmp T_14.5;
T_14.4 ;
    %load/vec4 v0x55b2532488d0_0;
    %pad/u 32;
    %pushi/vec4 1, 0, 32;
    %cmp/e;
    %flag_get/vec4 4;
    %load/vec4 v0x55b253248970_0;
    %pad/u 32;
    %pushi/vec4 1, 0, 32;
    %cmp/e;
    %flag_get/vec4 4;
    %and;
    %flag_set/vec4 8;
    %jmp/0xz  T_14.6, 8;
    %load/vec4 v0x55b253248720_0;
    %store/vec4 v0x55b2532487e0_0, 0, 1;
T_14.6 ;
T_14.5 ;
T_14.3 ;
T_14.1 ;
    %jmp T_14;
    .thread T_14, $push;
    .scope S_0x55b253247be0;
T_15 ;
    %wait E_0x55b253220100;
    %load/vec4 v0x55b253248060_0;
    %cmpi/e 1, 0, 1;
    %jmp/0xz  T_15.0, 4;
    %pushi/vec4 0, 0, 1;
    %assign/vec4 v0x55b253247f00_0, 0;
    %jmp T_15.1;
T_15.0 ;
    %load/vec4 v0x55b253247e20_0;
    %assign/vec4 v0x55b253247f00_0, 0;
T_15.1 ;
    %jmp T_15;
    .thread T_15;
    .scope S_0x55b25321dc50;
T_16 ;
    %pushi/vec4 1, 0, 1;
    %store/vec4 v0x55b25324a550_0, 0, 1;
    %pushi/vec4 0, 0, 1;
    %store/vec4 v0x55b25324a950_0, 0, 1;
    %pushi/vec4 1, 0, 1;
    %store/vec4 v0x55b25324a810_0, 0, 1;
    %pushi/vec4 0, 0, 1;
    %store/vec4 v0x55b25324a6d0_0, 0, 1;
    %pushi/vec4 0, 0, 2;
    %store/vec4 v0x55b25324a8b0_0, 0, 2;
    %delay 10, 0;
    %pushi/vec4 1, 0, 1;
    %store/vec4 v0x55b25324a950_0, 0, 1;
    %delay 10, 0;
    %pushi/vec4 189, 0, 8;
    %store/vec4 v0x55b25324a610_0, 0, 8;
    %pushi/vec4 0, 0, 1;
    %store/vec4 v0x55b25324a950_0, 0, 1;
    %delay 10, 0;
    %vpi_call 2 32 "$display", "\011\011Parallel Load" {0 0 0};
    %pushi/vec4 3, 0, 2;
    %assign/vec4 v0x55b25324a8b0_0, 0;
    %delay 10, 0;
    %vpi_call 2 36 "$display", "\011\011Shift Right" {0 0 0};
    %pushi/vec4 2, 0, 2;
    %assign/vec4 v0x55b25324a8b0_0, 0;
    %delay 10, 0;
    %pushi/vec4 3, 0, 2;
    %assign/vec4 v0x55b25324a8b0_0, 0;
    %delay 10, 0;
    %vpi_call 2 43 "$display", "\011\011Shift Left" {0 0 0};
    %pushi/vec4 1, 0, 2;
    %assign/vec4 v0x55b25324a8b0_0, 0;
    %delay 10, 0;
    %pushi/vec4 3, 0, 2;
    %assign/vec4 v0x55b25324a8b0_0, 0;
    %delay 10, 0;
    %vpi_call 2 50 "$display", "\011\011No Change" {0 0 0};
    %pushi/vec4 0, 0, 2;
    %assign/vec4 v0x55b25324a8b0_0, 0;
    %delay 10, 0;
    %pushi/vec4 3, 0, 2;
    %assign/vec4 v0x55b25324a8b0_0, 0;
    %end;
    .thread T_16;
    .scope S_0x55b25321dc50;
T_17 ;
    %delay 5, 0;
    %load/vec4 v0x55b25324a550_0;
    %inv;
    %assign/vec4 v0x55b25324a550_0, 0;
    %jmp T_17;
    .thread T_17;
    .scope S_0x55b25321dc50;
T_18 ;
    %delay 150, 0;
    %vpi_call 2 60 "$finish" {0 0 0};
    %end;
    .thread T_18;
    .scope S_0x55b25321dc50;
T_19 ;
    %vpi_call 2 63 "$monitor", $time, "   select = %b; input = %b; output = %b rightshift = %b; leftshift = %b", v0x55b25324a8b0_0, v0x55b25324a610_0, v0x55b25324a770_0, v0x55b25324a810_0, v0x55b25324a6d0_0 {0 0 0};
    %end;
    .thread T_19;
# The file index is used to find the file name in the following table.
:file_names 9;
    "N/A";
    "<interactive>";
    "8_bit_shiftregister_tb.v";
    "./8_bit_shiftregister.v";
    "./4_bit_shiftregister.v";
    "./2_bit_shiftregister.v";
    "./1_bit_shiftregister.v";
    "./d_flip_flop.v";
    "./4_to_1_multiplexer.v";
